<html>
<head>
<title>TestNG:  Login Process</title>
<link href="../testng.css" rel="stylesheet" type="text/css" />
<link href="../my-testng.css" rel="stylesheet" type="text/css" />

<style type="text/css">
.log { display: none;} 
.stack-trace { display: none;} 
</style>
<script type="text/javascript">
<!--
function flip(e) {
  current = e.style.display;
  if (current == 'block') {
    e.style.display = 'none';
    return 0;
  }
  else {
    e.style.display = 'block';
    return 1;
  }
}

function toggleBox(szDivId, elem, msg1, msg2)
{
  var res = -1;  if (document.getElementById) {
    res = flip(document.getElementById(szDivId));
  }
  else if (document.all) {
    // this is the way old msie versions work
    res = flip(document.all[szDivId]);
  }
  if(elem) {
    if(res == 0) elem.innerHTML = msg1; else elem.innerHTML = msg2;
  }

}

function toggleAllBoxes() {
  if (document.getElementsByTagName) {
    d = document.getElementsByTagName('div');
    for (i = 0; i < d.length; i++) {
      if (d[i].className == 'log') {
        flip(d[i]);
      }
    }
  }
}

// -->
</script>

</head>
<body>
<h2 align='center'>Login Process</h2><table border='1' align="center">
<tr>
<td>Tests passed/Failed/Skipped:</td><td>17/4/0</td>
</tr><tr>
<td>Started on:</td><td>Thu Jan 28 14:44:49 COT 2016</td>
</tr>
<tr><td>Total time:</td><td>729 seconds (729447 ms)</td>
</tr><tr>
<td>Included groups:</td><td></td>
</tr><tr>
<td>Excluded groups:</td><td></td>
</tr>
</table><p/>
<small><i>(Hover the method name to see the test class name)</i></small><p/>
<table width='100%' border='1' class='invocation-failed'>
<tr><td colspan='4' align='center'><b>FAILED TESTS</b></td></tr>
<tr><td><b>Test method</b></td>
<td width="30%"><b>Exception</b></td>
<td width="10%"><b>Time (seconds)</b></td>
<td><b>Instance</b></td>
</tr>
<tr>
<td title='com.maestrohealth.Onboarding.tests_sprint_1.ONB_38_Firefox_Execution.TC_ONB_38_001()'><b>TC_ONB_38_001</b><br>Test class: com.maestrohealth.Onboarding.tests_sprint_1.ONB_38_Firefox_Execution<br/>
<a href="#Output-1651162064" onClick='toggleBox("Output-1651162064", this, "Show output", "Hide output");'>Show output</a>

<a href="#Output-1651162064" onClick="toggleAllBoxes();">Show all outputs</a>
<div class='log' id="Output-1651162064">
TC_ONB-38-001 - Username and password are  empty<br/>
Llamada al driver<br/>
</div>
</td>
<td><div><pre>org.openqa.selenium.NoSuchElementException: Unable to locate element: {&quot;method&quot;:&quot;xpath&quot;,&quot;selector&quot;:&quot;html/body/div[1]/div/div[1]/form/div[1]/md-input-container/div[2]/div&quot;}
Command duration or timeout: 21 milliseconds
For documentation on this error, please visit: http://seleniumhq.org/exceptions/no_such_element.html
Build info: version: &apos;2.48.2&apos;, revision: &apos;41bccdd10cf2c0560f637404c2d96164b67d9d67&apos;, time: &apos;2015-10-09 13:08:06&apos;
System info: host: &apos;CO-IT00576&apos;, ip: &apos;10.132.11.3&apos;, os.name: &apos;Windows 7&apos;, os.arch: &apos;amd64&apos;, os.version: &apos;6.1&apos;, java.version: &apos;1.8.0_66&apos;
Driver info: org.openqa.selenium.firefox.FirefoxDriver
Capabilities [{applicationCacheEnabled=true, rotatable=false, handlesAlerts=true, databaseEnabled=true, version=43.0.1, platform=WINDOWS, nativeEvents=false, acceptSslCerts=true, webStorageEnabled=true, locationContextEnabled=true, browserName=firefox, takesScreenshot=true, javascriptEnabled=true, cssSelectorsEnabled=true}]
Session ID: 413db77a-b572-447a-9daa-a5ca7ac2c95d
*** Element info: {Using=xpath, value=html/body/div[1]/div/div[1]/form/div[1]/md-input-container/div[2]/div}
	at org.openqa.selenium.remote.ErrorHandler.createThrowable(ErrorHandler.java:206)
	at org.openqa.selenium.remote.ErrorHandler.throwIfResponseFailed(ErrorHandler.java:158)
	at org.openqa.selenium.remote.RemoteWebDriver.execute(RemoteWebDriver.java:647)
	at org.openqa.selenium.remote.RemoteWebDriver.findElement(RemoteWebDriver.java:353)
	at org.openqa.selenium.remote.RemoteWebDriver.findElementByXPath(RemoteWebDriver.java:490)
	at org.openqa.selenium.By$ByXPath.findElement(By.java:361)
	at org.openqa.selenium.remote.RemoteWebDriver.findElement(RemoteWebDriver.java:345)
	at org.openqa.selenium.support.pagefactory.DefaultElementLocator.findElement(DefaultElementLocator.java:69)
	at org.openqa.selenium.support.pagefactory.internal.LocatingElementHandler.invoke(LocatingElementHandler.java:38)
	at com.sun.proxy.$Proxy6.getText(Unknown Source)
	at com.maestrohealth.Onboarding.pages.onb_38_Employer_login.Login_failed.get_username_message_response(Login_failed.java:25)
	at com.maestrohealth.Onboarding.tests_sprint_1.ONB_38_Firefox_Execution.TC_ONB_38_001(ONB_38_Firefox_Execution.java:42)
Caused by: org.openqa.selenium.NoSuchElementException: Unable to locate element: {&quot;method&quot;:&quot;xpath&quot;,&quot;selector&quot;:&quot;html/body/div[1]/div/div[1]/form/div[1]/md-input-container/div[2]/div&quot;}
For documentation on this error, please visit: http://seleniumhq.org/exceptions/no_such_element.html
Build info: version: &apos;2.48.2&apos;, revision: &apos;41bccdd10cf2c0560f637404c2d96164b67d9d67&apos;, time: &apos;2015-10-09 13:08:06&apos;
System info: host: &apos;CO-IT00576&apos;, ip: &apos;10.132.11.3&apos;, os.name: &apos;Windows 7&apos;, os.arch: &apos;amd64&apos;, os.version: &apos;6.1&apos;, java.version: &apos;1.8.0_66&apos;
Driver info: driver.version: unknown
	at &lt;anonymous class&gt;.FirefoxDriver.prototype.findElementInternal_(file:///C:/Users/OMAR~1.MEN/AppData/Local/Temp/anonymous3875749990105263317webdriver-profile/extensions/fxdriver@googlecode.com/components/driver-component.js:10659)
	at &lt;anonymous class&gt;.FirefoxDriver.prototype.findElement(file:///C:/Users/OMAR~1.MEN/AppData/Local/Temp/anonymous3875749990105263317webdriver-profile/extensions/fxdriver@googlecode.com/components/driver-component.js:10668)
	at &lt;anonymous class&gt;.DelayedCommand.prototype.executeInternal_/h(file:///C:/Users/OMAR~1.MEN/AppData/Local/Temp/anonymous3875749990105263317webdriver-profile/extensions/fxdriver@googlecode.com/components/command-processor.js:12534)
	at &lt;anonymous class&gt;.DelayedCommand.prototype.executeInternal_(file:///C:/Users/OMAR~1.MEN/AppData/Local/Temp/anonymous3875749990105263317webdriver-profile/extensions/fxdriver@googlecode.com/components/command-processor.js:12539)
	at &lt;anonymous class&gt;.DelayedCommand.prototype.execute/&lt;(file:///C:/Users/OMAR~1.MEN/AppData/Local/Temp/anonymous3875749990105263317webdriver-profile/extensions/fxdriver@googlecode.com/components/command-processor.js:12481)
... Removed 28 stack frames</pre></div><a href='#' onClick='toggleBox("stack-trace1651162064", this, "Click to show all stack frames", "Click to hide stack frames")'>Click to show all stack frames</a>
<div class='stack-trace' id='stack-trace1651162064'><pre>org.openqa.selenium.NoSuchElementException: Unable to locate element: {&quot;method&quot;:&quot;xpath&quot;,&quot;selector&quot;:&quot;html/body/div[1]/div/div[1]/form/div[1]/md-input-container/div[2]/div&quot;}
Command duration or timeout: 21 milliseconds
For documentation on this error, please visit: http://seleniumhq.org/exceptions/no_such_element.html
Build info: version: &apos;2.48.2&apos;, revision: &apos;41bccdd10cf2c0560f637404c2d96164b67d9d67&apos;, time: &apos;2015-10-09 13:08:06&apos;
System info: host: &apos;CO-IT00576&apos;, ip: &apos;10.132.11.3&apos;, os.name: &apos;Windows 7&apos;, os.arch: &apos;amd64&apos;, os.version: &apos;6.1&apos;, java.version: &apos;1.8.0_66&apos;
Driver info: org.openqa.selenium.firefox.FirefoxDriver
Capabilities [{applicationCacheEnabled=true, rotatable=false, handlesAlerts=true, databaseEnabled=true, version=43.0.1, platform=WINDOWS, nativeEvents=false, acceptSslCerts=true, webStorageEnabled=true, locationContextEnabled=true, browserName=firefox, takesScreenshot=true, javascriptEnabled=true, cssSelectorsEnabled=true}]
Session ID: 413db77a-b572-447a-9daa-a5ca7ac2c95d
*** Element info: {Using=xpath, value=html/body/div[1]/div/div[1]/form/div[1]/md-input-container/div[2]/div}
	at sun.reflect.NativeConstructorAccessorImpl.newInstance0(Native Method)
	at sun.reflect.NativeConstructorAccessorImpl.newInstance(NativeConstructorAccessorImpl.java:62)
	at sun.reflect.DelegatingConstructorAccessorImpl.newInstance(DelegatingConstructorAccessorImpl.java:45)
	at java.lang.reflect.Constructor.newInstance(Constructor.java:422)
	at org.openqa.selenium.remote.ErrorHandler.createThrowable(ErrorHandler.java:206)
	at org.openqa.selenium.remote.ErrorHandler.throwIfResponseFailed(ErrorHandler.java:158)
	at org.openqa.selenium.remote.RemoteWebDriver.execute(RemoteWebDriver.java:647)
	at org.openqa.selenium.remote.RemoteWebDriver.findElement(RemoteWebDriver.java:353)
	at org.openqa.selenium.remote.RemoteWebDriver.findElementByXPath(RemoteWebDriver.java:490)
	at org.openqa.selenium.By$ByXPath.findElement(By.java:361)
	at org.openqa.selenium.remote.RemoteWebDriver.findElement(RemoteWebDriver.java:345)
	at org.openqa.selenium.support.pagefactory.DefaultElementLocator.findElement(DefaultElementLocator.java:69)
	at org.openqa.selenium.support.pagefactory.internal.LocatingElementHandler.invoke(LocatingElementHandler.java:38)
	at com.sun.proxy.$Proxy6.getText(Unknown Source)
	at com.maestrohealth.Onboarding.pages.onb_38_Employer_login.Login_failed.get_username_message_response(Login_failed.java:25)
	at com.maestrohealth.Onboarding.tests_sprint_1.ONB_38_Firefox_Execution.TC_ONB_38_001(ONB_38_Firefox_Execution.java:42)
	at sun.reflect.NativeMethodAccessorImpl.invoke0(Native Method)
	at sun.reflect.NativeMethodAccessorImpl.invoke(NativeMethodAccessorImpl.java:62)
	at sun.reflect.DelegatingMethodAccessorImpl.invoke(DelegatingMethodAccessorImpl.java:43)
	at java.lang.reflect.Method.invoke(Method.java:497)
	at org.testng.internal.MethodInvocationHelper.invokeMethod(MethodInvocationHelper.java:85)
	at org.testng.internal.Invoker.invokeMethod(Invoker.java:659)
	at org.testng.internal.Invoker.invokeTestMethod(Invoker.java:845)
	at org.testng.internal.Invoker.invokeTestMethods(Invoker.java:1153)
	at org.testng.internal.TestMethodWorker.invokeTestMethods(TestMethodWorker.java:125)
	at org.testng.internal.TestMethodWorker.run(TestMethodWorker.java:108)
	at org.testng.TestRunner.privateRun(TestRunner.java:771)
	at org.testng.TestRunner.run(TestRunner.java:621)
	at org.testng.SuiteRunner.runTest(SuiteRunner.java:357)
	at org.testng.SuiteRunner.runSequentially(SuiteRunner.java:352)
	at org.testng.SuiteRunner.privateRun(SuiteRunner.java:310)
	at org.testng.SuiteRunner.run(SuiteRunner.java:259)
	at org.testng.SuiteRunnerWorker.runSuite(SuiteRunnerWorker.java:52)
	at org.testng.SuiteRunnerWorker.run(SuiteRunnerWorker.java:86)
	at org.testng.TestNG.runSuitesSequentially(TestNG.java:1199)
	at org.testng.TestNG.runSuitesLocally(TestNG.java:1124)
	at org.testng.TestNG.run(TestNG.java:1032)
	at org.testng.remote.RemoteTestNG.run(RemoteTestNG.java:111)
	at org.testng.remote.RemoteTestNG.initAndRun(RemoteTestNG.java:204)
	at org.testng.remote.RemoteTestNG.main(RemoteTestNG.java:175)
Caused by: org.openqa.selenium.NoSuchElementException: Unable to locate element: {&quot;method&quot;:&quot;xpath&quot;,&quot;selector&quot;:&quot;html/body/div[1]/div/div[1]/form/div[1]/md-input-container/div[2]/div&quot;}
For documentation on this error, please visit: http://seleniumhq.org/exceptions/no_such_element.html
Build info: version: &apos;2.48.2&apos;, revision: &apos;41bccdd10cf2c0560f637404c2d96164b67d9d67&apos;, time: &apos;2015-10-09 13:08:06&apos;
System info: host: &apos;CO-IT00576&apos;, ip: &apos;10.132.11.3&apos;, os.name: &apos;Windows 7&apos;, os.arch: &apos;amd64&apos;, os.version: &apos;6.1&apos;, java.version: &apos;1.8.0_66&apos;
Driver info: driver.version: unknown
	at &lt;anonymous class&gt;.FirefoxDriver.prototype.findElementInternal_(file:///C:/Users/OMAR~1.MEN/AppData/Local/Temp/anonymous3875749990105263317webdriver-profile/extensions/fxdriver@googlecode.com/components/driver-component.js:10659)
	at &lt;anonymous class&gt;.FirefoxDriver.prototype.findElement(file:///C:/Users/OMAR~1.MEN/AppData/Local/Temp/anonymous3875749990105263317webdriver-profile/extensions/fxdriver@googlecode.com/components/driver-component.js:10668)
	at &lt;anonymous class&gt;.DelayedCommand.prototype.executeInternal_/h(file:///C:/Users/OMAR~1.MEN/AppData/Local/Temp/anonymous3875749990105263317webdriver-profile/extensions/fxdriver@googlecode.com/components/command-processor.js:12534)
	at &lt;anonymous class&gt;.DelayedCommand.prototype.executeInternal_(file:///C:/Users/OMAR~1.MEN/AppData/Local/Temp/anonymous3875749990105263317webdriver-profile/extensions/fxdriver@googlecode.com/components/command-processor.js:12539)
	at &lt;anonymous class&gt;.DelayedCommand.prototype.execute/&lt;(file:///C:/Users/OMAR~1.MEN/AppData/Local/Temp/anonymous3875749990105263317webdriver-profile/extensions/fxdriver@googlecode.com/components/command-processor.js:12481)
</pre></div></td>
<td>17</td>
<td>com.maestrohealth.Onboarding.tests_sprint_1.ONB_38_Firefox_Execution@d041cf</td></tr>
<tr>
<td title='com.maestrohealth.Onboarding.tests_sprint_1.ONB_38_Chrome_Execution.TC_ONB_38_001()'><b>TC_ONB_38_001</b><br>Test class: com.maestrohealth.Onboarding.tests_sprint_1.ONB_38_Chrome_Execution<br/>
<a href="#Output-252738640" onClick='toggleBox("Output-252738640", this, "Show output", "Hide output");'>Show output</a>

<a href="#Output-252738640" onClick="toggleAllBoxes();">Show all outputs</a>
<div class='log' id="Output-252738640">
TC_ONB-38-001 - Username and password are  empty<br/>
Llamada al driver<br/>
</div>
</td>
<td><div><pre>org.openqa.selenium.NoSuchElementException: no such element: Unable to locate element: {&quot;method&quot;:&quot;xpath&quot;,&quot;selector&quot;:&quot;html/body/div[1]/div/div[1]/form/div[1]/md-input-container/div[2]/div&quot;}
  (Session info: chrome=47.0.2526.111)
  (Driver info: chromedriver=2.20.353145 (343b531d31eeb933ec778dbcf7081628a1396067),platform=Windows NT 6.1 SP1 x86_64) (WARNING: The server did not provide any stacktrace information)
Command duration or timeout: 20 milliseconds
For documentation on this error, please visit: http://seleniumhq.org/exceptions/no_such_element.html
Build info: version: &apos;2.48.2&apos;, revision: &apos;41bccdd10cf2c0560f637404c2d96164b67d9d67&apos;, time: &apos;2015-10-09 13:08:06&apos;
System info: host: &apos;CO-IT00576&apos;, ip: &apos;10.132.11.3&apos;, os.name: &apos;Windows 7&apos;, os.arch: &apos;amd64&apos;, os.version: &apos;6.1&apos;, java.version: &apos;1.8.0_66&apos;
Driver info: org.openqa.selenium.chrome.ChromeDriver
Capabilities [{applicationCacheEnabled=false, rotatable=false, mobileEmulationEnabled=false, chrome={userDataDir=C:\Users\OMAR~1.MEN\AppData\Local\Temp\scoped_dir10052_31604}, takesHeapSnapshot=true, databaseEnabled=false, handlesAlerts=true, hasTouchScreen=false, version=47.0.2526.111, platform=XP, browserConnectionEnabled=false, nativeEvents=true, acceptSslCerts=true, locationContextEnabled=true, webStorageEnabled=true, browserName=chrome, takesScreenshot=true, javascriptEnabled=true, cssSelectorsEnabled=true}]
Session ID: 98d9bc7a552bac73c27486cb8f9b2064
*** Element info: {Using=xpath, value=html/body/div[1]/div/div[1]/form/div[1]/md-input-container/div[2]/div}
	at org.openqa.selenium.remote.ErrorHandler.createThrowable(ErrorHandler.java:206)
	at org.openqa.selenium.remote.ErrorHandler.throwIfResponseFailed(ErrorHandler.java:158)
	at org.openqa.selenium.remote.RemoteWebDriver.execute(RemoteWebDriver.java:647)
	at org.openqa.selenium.remote.RemoteWebDriver.findElement(RemoteWebDriver.java:353)
	at org.openqa.selenium.remote.RemoteWebDriver.findElementByXPath(RemoteWebDriver.java:490)
	at org.openqa.selenium.By$ByXPath.findElement(By.java:361)
	at org.openqa.selenium.remote.RemoteWebDriver.findElement(RemoteWebDriver.java:345)
	at org.openqa.selenium.support.pagefactory.DefaultElementLocator.findElement(DefaultElementLocator.java:69)
	at org.openqa.selenium.support.pagefactory.internal.LocatingElementHandler.invoke(LocatingElementHandler.java:38)
	at com.sun.proxy.$Proxy6.getText(Unknown Source)
	at com.maestrohealth.Onboarding.pages.onb_38_Employer_login.Login_failed.get_username_message_response(Login_failed.java:25)
	at com.maestrohealth.Onboarding.tests_sprint_1.ONB_38_Chrome_Execution.TC_ONB_38_001(ONB_38_Chrome_Execution.java:44)
... Removed 28 stack frames</pre></div><a href='#' onClick='toggleBox("stack-trace252738640", this, "Click to show all stack frames", "Click to hide stack frames")'>Click to show all stack frames</a>
<div class='stack-trace' id='stack-trace252738640'><pre>org.openqa.selenium.NoSuchElementException: no such element: Unable to locate element: {&quot;method&quot;:&quot;xpath&quot;,&quot;selector&quot;:&quot;html/body/div[1]/div/div[1]/form/div[1]/md-input-container/div[2]/div&quot;}
  (Session info: chrome=47.0.2526.111)
  (Driver info: chromedriver=2.20.353145 (343b531d31eeb933ec778dbcf7081628a1396067),platform=Windows NT 6.1 SP1 x86_64) (WARNING: The server did not provide any stacktrace information)
Command duration or timeout: 20 milliseconds
For documentation on this error, please visit: http://seleniumhq.org/exceptions/no_such_element.html
Build info: version: &apos;2.48.2&apos;, revision: &apos;41bccdd10cf2c0560f637404c2d96164b67d9d67&apos;, time: &apos;2015-10-09 13:08:06&apos;
System info: host: &apos;CO-IT00576&apos;, ip: &apos;10.132.11.3&apos;, os.name: &apos;Windows 7&apos;, os.arch: &apos;amd64&apos;, os.version: &apos;6.1&apos;, java.version: &apos;1.8.0_66&apos;
Driver info: org.openqa.selenium.chrome.ChromeDriver
Capabilities [{applicationCacheEnabled=false, rotatable=false, mobileEmulationEnabled=false, chrome={userDataDir=C:\Users\OMAR~1.MEN\AppData\Local\Temp\scoped_dir10052_31604}, takesHeapSnapshot=true, databaseEnabled=false, handlesAlerts=true, hasTouchScreen=false, version=47.0.2526.111, platform=XP, browserConnectionEnabled=false, nativeEvents=true, acceptSslCerts=true, locationContextEnabled=true, webStorageEnabled=true, browserName=chrome, takesScreenshot=true, javascriptEnabled=true, cssSelectorsEnabled=true}]
Session ID: 98d9bc7a552bac73c27486cb8f9b2064
*** Element info: {Using=xpath, value=html/body/div[1]/div/div[1]/form/div[1]/md-input-container/div[2]/div}
	at sun.reflect.NativeConstructorAccessorImpl.newInstance0(Native Method)
	at sun.reflect.NativeConstructorAccessorImpl.newInstance(NativeConstructorAccessorImpl.java:62)
	at sun.reflect.DelegatingConstructorAccessorImpl.newInstance(DelegatingConstructorAccessorImpl.java:45)
	at java.lang.reflect.Constructor.newInstance(Constructor.java:422)
	at org.openqa.selenium.remote.ErrorHandler.createThrowable(ErrorHandler.java:206)
	at org.openqa.selenium.remote.ErrorHandler.throwIfResponseFailed(ErrorHandler.java:158)
	at org.openqa.selenium.remote.RemoteWebDriver.execute(RemoteWebDriver.java:647)
	at org.openqa.selenium.remote.RemoteWebDriver.findElement(RemoteWebDriver.java:353)
	at org.openqa.selenium.remote.RemoteWebDriver.findElementByXPath(RemoteWebDriver.java:490)
	at org.openqa.selenium.By$ByXPath.findElement(By.java:361)
	at org.openqa.selenium.remote.RemoteWebDriver.findElement(RemoteWebDriver.java:345)
	at org.openqa.selenium.support.pagefactory.DefaultElementLocator.findElement(DefaultElementLocator.java:69)
	at org.openqa.selenium.support.pagefactory.internal.LocatingElementHandler.invoke(LocatingElementHandler.java:38)
	at com.sun.proxy.$Proxy6.getText(Unknown Source)
	at com.maestrohealth.Onboarding.pages.onb_38_Employer_login.Login_failed.get_username_message_response(Login_failed.java:25)
	at com.maestrohealth.Onboarding.tests_sprint_1.ONB_38_Chrome_Execution.TC_ONB_38_001(ONB_38_Chrome_Execution.java:44)
	at sun.reflect.NativeMethodAccessorImpl.invoke0(Native Method)
	at sun.reflect.NativeMethodAccessorImpl.invoke(NativeMethodAccessorImpl.java:62)
	at sun.reflect.DelegatingMethodAccessorImpl.invoke(DelegatingMethodAccessorImpl.java:43)
	at java.lang.reflect.Method.invoke(Method.java:497)
	at org.testng.internal.MethodInvocationHelper.invokeMethod(MethodInvocationHelper.java:85)
	at org.testng.internal.Invoker.invokeMethod(Invoker.java:659)
	at org.testng.internal.Invoker.invokeTestMethod(Invoker.java:845)
	at org.testng.internal.Invoker.invokeTestMethods(Invoker.java:1153)
	at org.testng.internal.TestMethodWorker.invokeTestMethods(TestMethodWorker.java:125)
	at org.testng.internal.TestMethodWorker.run(TestMethodWorker.java:108)
	at org.testng.TestRunner.privateRun(TestRunner.java:771)
	at org.testng.TestRunner.run(TestRunner.java:621)
	at org.testng.SuiteRunner.runTest(SuiteRunner.java:357)
	at org.testng.SuiteRunner.runSequentially(SuiteRunner.java:352)
	at org.testng.SuiteRunner.privateRun(SuiteRunner.java:310)
	at org.testng.SuiteRunner.run(SuiteRunner.java:259)
	at org.testng.SuiteRunnerWorker.runSuite(SuiteRunnerWorker.java:52)
	at org.testng.SuiteRunnerWorker.run(SuiteRunnerWorker.java:86)
	at org.testng.TestNG.runSuitesSequentially(TestNG.java:1199)
	at org.testng.TestNG.runSuitesLocally(TestNG.java:1124)
	at org.testng.TestNG.run(TestNG.java:1032)
	at org.testng.remote.RemoteTestNG.run(RemoteTestNG.java:111)
	at org.testng.remote.RemoteTestNG.initAndRun(RemoteTestNG.java:204)
	at org.testng.remote.RemoteTestNG.main(RemoteTestNG.java:175)
</pre></div></td>
<td>16</td>
<td>com.maestrohealth.Onboarding.tests_sprint_1.ONB_38_Chrome_Execution@129a8472</td></tr>
<tr>
<td title='com.maestrohealth.Onboarding.tests_sprint_1.ONB_38_InternetExplorer_Execution.TC_ONB_38_001()'><b>TC_ONB_38_001</b><br>Test class: com.maestrohealth.Onboarding.tests_sprint_1.ONB_38_InternetExplorer_Execution<br/>
<a href="#Output-171809144" onClick='toggleBox("Output-171809144", this, "Show output", "Hide output");'>Show output</a>

<a href="#Output-171809144" onClick="toggleAllBoxes();">Show all outputs</a>
<div class='log' id="Output-171809144">
TC_ONB-38-001 - Username and password are  empty<br/>
Llamada al driver<br/>
</div>
</td>
<td><div><pre>org.openqa.selenium.NoSuchElementException: Unable to find element with xpath == html/body/div[1]/div/div[1]/form/div[1]/md-input-container/div[2]/div (WARNING: The server did not provide any stacktrace information)
Command duration or timeout: 302 milliseconds
For documentation on this error, please visit: http://seleniumhq.org/exceptions/no_such_element.html
Build info: version: &apos;2.48.2&apos;, revision: &apos;41bccdd10cf2c0560f637404c2d96164b67d9d67&apos;, time: &apos;2015-10-09 13:08:06&apos;
System info: host: &apos;CO-IT00576&apos;, ip: &apos;10.132.11.3&apos;, os.name: &apos;Windows 7&apos;, os.arch: &apos;amd64&apos;, os.version: &apos;6.1&apos;, java.version: &apos;1.8.0_66&apos;
Driver info: org.openqa.selenium.ie.InternetExplorerDriver
Capabilities [{browserAttachTimeout=0, enablePersistentHover=true, ie.forceCreateProcessApi=false, pageLoadStrategy=normal, ie.usePerProcessProxy=false, ignoreZoomSetting=false, handlesAlerts=true, version=11, platform=WINDOWS, nativeEvents=true, ie.ensureCleanSession=false, elementScrollBehavior=0, ie.browserCommandLineSwitches=, requireWindowFocus=false, browserName=internet explorer, initialBrowserUrl=http://localhost:14942/, takesScreenshot=true, javascriptEnabled=true, ignoreProtectedModeSettings=false, enableElementCacheCleanup=true, cssSelectorsEnabled=true, unexpectedAlertBehaviour=dismiss}]
Session ID: a9f0a6e5-2964-4f8c-b364-89e5f593a34a
*** Element info: {Using=xpath, value=html/body/div[1]/div/div[1]/form/div[1]/md-input-container/div[2]/div}
	at org.openqa.selenium.remote.ErrorHandler.createThrowable(ErrorHandler.java:206)
	at org.openqa.selenium.remote.ErrorHandler.throwIfResponseFailed(ErrorHandler.java:158)
	at org.openqa.selenium.remote.RemoteWebDriver.execute(RemoteWebDriver.java:647)
	at org.openqa.selenium.remote.RemoteWebDriver.findElement(RemoteWebDriver.java:353)
	at org.openqa.selenium.remote.RemoteWebDriver.findElementByXPath(RemoteWebDriver.java:490)
	at org.openqa.selenium.By$ByXPath.findElement(By.java:361)
	at org.openqa.selenium.remote.RemoteWebDriver.findElement(RemoteWebDriver.java:345)
	at org.openqa.selenium.support.pagefactory.DefaultElementLocator.findElement(DefaultElementLocator.java:69)
	at org.openqa.selenium.support.pagefactory.internal.LocatingElementHandler.invoke(LocatingElementHandler.java:38)
	at com.sun.proxy.$Proxy6.getText(Unknown Source)
	at com.maestrohealth.Onboarding.pages.onb_38_Employer_login.Login_failed.get_username_message_response(Login_failed.java:25)
	at com.maestrohealth.Onboarding.tests_sprint_1.ONB_38_InternetExplorer_Execution.TC_ONB_38_001(ONB_38_InternetExplorer_Execution.java:44)
... Removed 28 stack frames</pre></div><a href='#' onClick='toggleBox("stack-trace171809144", this, "Click to show all stack frames", "Click to hide stack frames")'>Click to show all stack frames</a>
<div class='stack-trace' id='stack-trace171809144'><pre>org.openqa.selenium.NoSuchElementException: Unable to find element with xpath == html/body/div[1]/div/div[1]/form/div[1]/md-input-container/div[2]/div (WARNING: The server did not provide any stacktrace information)
Command duration or timeout: 302 milliseconds
For documentation on this error, please visit: http://seleniumhq.org/exceptions/no_such_element.html
Build info: version: &apos;2.48.2&apos;, revision: &apos;41bccdd10cf2c0560f637404c2d96164b67d9d67&apos;, time: &apos;2015-10-09 13:08:06&apos;
System info: host: &apos;CO-IT00576&apos;, ip: &apos;10.132.11.3&apos;, os.name: &apos;Windows 7&apos;, os.arch: &apos;amd64&apos;, os.version: &apos;6.1&apos;, java.version: &apos;1.8.0_66&apos;
Driver info: org.openqa.selenium.ie.InternetExplorerDriver
Capabilities [{browserAttachTimeout=0, enablePersistentHover=true, ie.forceCreateProcessApi=false, pageLoadStrategy=normal, ie.usePerProcessProxy=false, ignoreZoomSetting=false, handlesAlerts=true, version=11, platform=WINDOWS, nativeEvents=true, ie.ensureCleanSession=false, elementScrollBehavior=0, ie.browserCommandLineSwitches=, requireWindowFocus=false, browserName=internet explorer, initialBrowserUrl=http://localhost:14942/, takesScreenshot=true, javascriptEnabled=true, ignoreProtectedModeSettings=false, enableElementCacheCleanup=true, cssSelectorsEnabled=true, unexpectedAlertBehaviour=dismiss}]
Session ID: a9f0a6e5-2964-4f8c-b364-89e5f593a34a
*** Element info: {Using=xpath, value=html/body/div[1]/div/div[1]/form/div[1]/md-input-container/div[2]/div}
	at sun.reflect.NativeConstructorAccessorImpl.newInstance0(Native Method)
	at sun.reflect.NativeConstructorAccessorImpl.newInstance(NativeConstructorAccessorImpl.java:62)
	at sun.reflect.DelegatingConstructorAccessorImpl.newInstance(DelegatingConstructorAccessorImpl.java:45)
	at java.lang.reflect.Constructor.newInstance(Constructor.java:422)
	at org.openqa.selenium.remote.ErrorHandler.createThrowable(ErrorHandler.java:206)
	at org.openqa.selenium.remote.ErrorHandler.throwIfResponseFailed(ErrorHandler.java:158)
	at org.openqa.selenium.remote.RemoteWebDriver.execute(RemoteWebDriver.java:647)
	at org.openqa.selenium.remote.RemoteWebDriver.findElement(RemoteWebDriver.java:353)
	at org.openqa.selenium.remote.RemoteWebDriver.findElementByXPath(RemoteWebDriver.java:490)
	at org.openqa.selenium.By$ByXPath.findElement(By.java:361)
	at org.openqa.selenium.remote.RemoteWebDriver.findElement(RemoteWebDriver.java:345)
	at org.openqa.selenium.support.pagefactory.DefaultElementLocator.findElement(DefaultElementLocator.java:69)
	at org.openqa.selenium.support.pagefactory.internal.LocatingElementHandler.invoke(LocatingElementHandler.java:38)
	at com.sun.proxy.$Proxy6.getText(Unknown Source)
	at com.maestrohealth.Onboarding.pages.onb_38_Employer_login.Login_failed.get_username_message_response(Login_failed.java:25)
	at com.maestrohealth.Onboarding.tests_sprint_1.ONB_38_InternetExplorer_Execution.TC_ONB_38_001(ONB_38_InternetExplorer_Execution.java:44)
	at sun.reflect.NativeMethodAccessorImpl.invoke0(Native Method)
	at sun.reflect.NativeMethodAccessorImpl.invoke(NativeMethodAccessorImpl.java:62)
	at sun.reflect.DelegatingMethodAccessorImpl.invoke(DelegatingMethodAccessorImpl.java:43)
	at java.lang.reflect.Method.invoke(Method.java:497)
	at org.testng.internal.MethodInvocationHelper.invokeMethod(MethodInvocationHelper.java:85)
	at org.testng.internal.Invoker.invokeMethod(Invoker.java:659)
	at org.testng.internal.Invoker.invokeTestMethod(Invoker.java:845)
	at org.testng.internal.Invoker.invokeTestMethods(Invoker.java:1153)
	at org.testng.internal.TestMethodWorker.invokeTestMethods(TestMethodWorker.java:125)
	at org.testng.internal.TestMethodWorker.run(TestMethodWorker.java:108)
	at org.testng.TestRunner.privateRun(TestRunner.java:771)
	at org.testng.TestRunner.run(TestRunner.java:621)
	at org.testng.SuiteRunner.runTest(SuiteRunner.java:357)
	at org.testng.SuiteRunner.runSequentially(SuiteRunner.java:352)
	at org.testng.SuiteRunner.privateRun(SuiteRunner.java:310)
	at org.testng.SuiteRunner.run(SuiteRunner.java:259)
	at org.testng.SuiteRunnerWorker.runSuite(SuiteRunnerWorker.java:52)
	at org.testng.SuiteRunnerWorker.run(SuiteRunnerWorker.java:86)
	at org.testng.TestNG.runSuitesSequentially(TestNG.java:1199)
	at org.testng.TestNG.runSuitesLocally(TestNG.java:1124)
	at org.testng.TestNG.run(TestNG.java:1032)
	at org.testng.remote.RemoteTestNG.run(RemoteTestNG.java:111)
	at org.testng.remote.RemoteTestNG.initAndRun(RemoteTestNG.java:204)
	at org.testng.remote.RemoteTestNG.main(RemoteTestNG.java:175)
</pre></div></td>
<td>12</td>
<td>com.maestrohealth.Onboarding.tests_sprint_1.ONB_38_InternetExplorer_Execution@7e0babb1</td></tr>
<tr>
<td title='com.maestrohealth.Onboarding.tests_sprint_1.ONB_38_Firefox_Execution.TC_ONB_38_006()'><b>TC_ONB_38_006</b><br>Test class: com.maestrohealth.Onboarding.tests_sprint_1.ONB_38_Firefox_Execution<br/>
<a href="#Output-1534755892" onClick='toggleBox("Output-1534755892", this, "Show output", "Hide output");'>Show output</a>

<a href="#Output-1534755892" onClick="toggleAllBoxes();">Show all outputs</a>
<div class='log' id="Output-1534755892">
TC_ONB-38-006 - Username not valid -Password  valid<br/>
Llamada al driver<br/>
Ingreso del user y password<br/>
</div>
</td>
<td><div><pre>org.openqa.selenium.NoSuchElementException: Unable to locate element: {&quot;method&quot;:&quot;id&quot;,&quot;selector&quot;:&quot;input_0&quot;}
Command duration or timeout: 3.34 seconds
For documentation on this error, please visit: http://seleniumhq.org/exceptions/no_such_element.html
Build info: version: &apos;2.48.2&apos;, revision: &apos;41bccdd10cf2c0560f637404c2d96164b67d9d67&apos;, time: &apos;2015-10-09 13:08:06&apos;
System info: host: &apos;CO-IT00576&apos;, ip: &apos;10.132.11.3&apos;, os.name: &apos;Windows 7&apos;, os.arch: &apos;amd64&apos;, os.version: &apos;6.1&apos;, java.version: &apos;1.8.0_66&apos;
Driver info: org.openqa.selenium.firefox.FirefoxDriver
Capabilities [{applicationCacheEnabled=true, rotatable=false, handlesAlerts=true, databaseEnabled=true, version=43.0.1, platform=WINDOWS, nativeEvents=false, acceptSslCerts=true, webStorageEnabled=true, locationContextEnabled=true, browserName=firefox, takesScreenshot=true, javascriptEnabled=true, cssSelectorsEnabled=true}]
Session ID: 34b31f53-ddef-4a0d-a98d-c21ea0bca5f3
*** Element info: {Using=id, value=input_0}
	at org.openqa.selenium.remote.ErrorHandler.createThrowable(ErrorHandler.java:206)
	at org.openqa.selenium.remote.ErrorHandler.throwIfResponseFailed(ErrorHandler.java:158)
	at org.openqa.selenium.remote.RemoteWebDriver.execute(RemoteWebDriver.java:647)
	at org.openqa.selenium.remote.RemoteWebDriver.findElement(RemoteWebDriver.java:353)
	at org.openqa.selenium.remote.RemoteWebDriver.findElementById(RemoteWebDriver.java:403)
	at org.openqa.selenium.By$ById.findElement(By.java:218)
	at org.openqa.selenium.remote.RemoteWebDriver.findElement(RemoteWebDriver.java:345)
	at org.openqa.selenium.support.pagefactory.DefaultElementLocator.findElement(DefaultElementLocator.java:69)
	at org.openqa.selenium.support.pagefactory.internal.LocatingElementHandler.invoke(LocatingElementHandler.java:38)
	at com.sun.proxy.$Proxy6.sendKeys(Unknown Source)
	at com.maestrohealth.Onboarding.pages.onb_38_Employer_login.Login.Sign_in(Login.java:22)
	at com.maestrohealth.Onboarding.tests_sprint_1.ONB_38_Firefox_Execution.TC_ONB_38_006(ONB_38_Firefox_Execution.java:139)
Caused by: org.openqa.selenium.NoSuchElementException: Unable to locate element: {&quot;method&quot;:&quot;id&quot;,&quot;selector&quot;:&quot;input_0&quot;}
For documentation on this error, please visit: http://seleniumhq.org/exceptions/no_such_element.html
Build info: version: &apos;2.48.2&apos;, revision: &apos;41bccdd10cf2c0560f637404c2d96164b67d9d67&apos;, time: &apos;2015-10-09 13:08:06&apos;
System info: host: &apos;CO-IT00576&apos;, ip: &apos;10.132.11.3&apos;, os.name: &apos;Windows 7&apos;, os.arch: &apos;amd64&apos;, os.version: &apos;6.1&apos;, java.version: &apos;1.8.0_66&apos;
Driver info: driver.version: unknown
	at &lt;anonymous class&gt;.FirefoxDriver.prototype.findElementInternal_(file:///C:/Users/OMAR~1.MEN/AppData/Local/Temp/anonymous6109580101417197459webdriver-profile/extensions/fxdriver@googlecode.com/components/driver-component.js:10659)
	at &lt;anonymous class&gt;.FirefoxDriver.prototype.findElement(file:///C:/Users/OMAR~1.MEN/AppData/Local/Temp/anonymous6109580101417197459webdriver-profile/extensions/fxdriver@googlecode.com/components/driver-component.js:10668)
	at &lt;anonymous class&gt;.DelayedCommand.prototype.executeInternal_/h(file:///C:/Users/OMAR~1.MEN/AppData/Local/Temp/anonymous6109580101417197459webdriver-profile/extensions/fxdriver@googlecode.com/components/command-processor.js:12534)
	at &lt;anonymous class&gt;.DelayedCommand.prototype.executeInternal_(file:///C:/Users/OMAR~1.MEN/AppData/Local/Temp/anonymous6109580101417197459webdriver-profile/extensions/fxdriver@googlecode.com/components/command-processor.js:12539)
	at &lt;anonymous class&gt;.DelayedCommand.prototype.execute/&lt;(file:///C:/Users/OMAR~1.MEN/AppData/Local/Temp/anonymous6109580101417197459webdriver-profile/extensions/fxdriver@googlecode.com/components/command-processor.js:12481)
... Removed 28 stack frames</pre></div><a href='#' onClick='toggleBox("stack-trace1534755892", this, "Click to show all stack frames", "Click to hide stack frames")'>Click to show all stack frames</a>
<div class='stack-trace' id='stack-trace1534755892'><pre>org.openqa.selenium.NoSuchElementException: Unable to locate element: {&quot;method&quot;:&quot;id&quot;,&quot;selector&quot;:&quot;input_0&quot;}
Command duration or timeout: 3.34 seconds
For documentation on this error, please visit: http://seleniumhq.org/exceptions/no_such_element.html
Build info: version: &apos;2.48.2&apos;, revision: &apos;41bccdd10cf2c0560f637404c2d96164b67d9d67&apos;, time: &apos;2015-10-09 13:08:06&apos;
System info: host: &apos;CO-IT00576&apos;, ip: &apos;10.132.11.3&apos;, os.name: &apos;Windows 7&apos;, os.arch: &apos;amd64&apos;, os.version: &apos;6.1&apos;, java.version: &apos;1.8.0_66&apos;
Driver info: org.openqa.selenium.firefox.FirefoxDriver
Capabilities [{applicationCacheEnabled=true, rotatable=false, handlesAlerts=true, databaseEnabled=true, version=43.0.1, platform=WINDOWS, nativeEvents=false, acceptSslCerts=true, webStorageEnabled=true, locationContextEnabled=true, browserName=firefox, takesScreenshot=true, javascriptEnabled=true, cssSelectorsEnabled=true}]
Session ID: 34b31f53-ddef-4a0d-a98d-c21ea0bca5f3
*** Element info: {Using=id, value=input_0}
	at sun.reflect.NativeConstructorAccessorImpl.newInstance0(Native Method)
	at sun.reflect.NativeConstructorAccessorImpl.newInstance(NativeConstructorAccessorImpl.java:62)
	at sun.reflect.DelegatingConstructorAccessorImpl.newInstance(DelegatingConstructorAccessorImpl.java:45)
	at java.lang.reflect.Constructor.newInstance(Constructor.java:422)
	at org.openqa.selenium.remote.ErrorHandler.createThrowable(ErrorHandler.java:206)
	at org.openqa.selenium.remote.ErrorHandler.throwIfResponseFailed(ErrorHandler.java:158)
	at org.openqa.selenium.remote.RemoteWebDriver.execute(RemoteWebDriver.java:647)
	at org.openqa.selenium.remote.RemoteWebDriver.findElement(RemoteWebDriver.java:353)
	at org.openqa.selenium.remote.RemoteWebDriver.findElementById(RemoteWebDriver.java:403)
	at org.openqa.selenium.By$ById.findElement(By.java:218)
	at org.openqa.selenium.remote.RemoteWebDriver.findElement(RemoteWebDriver.java:345)
	at org.openqa.selenium.support.pagefactory.DefaultElementLocator.findElement(DefaultElementLocator.java:69)
	at org.openqa.selenium.support.pagefactory.internal.LocatingElementHandler.invoke(LocatingElementHandler.java:38)
	at com.sun.proxy.$Proxy6.sendKeys(Unknown Source)
	at com.maestrohealth.Onboarding.pages.onb_38_Employer_login.Login.Sign_in(Login.java:22)
	at com.maestrohealth.Onboarding.tests_sprint_1.ONB_38_Firefox_Execution.TC_ONB_38_006(ONB_38_Firefox_Execution.java:139)
	at sun.reflect.NativeMethodAccessorImpl.invoke0(Native Method)
	at sun.reflect.NativeMethodAccessorImpl.invoke(NativeMethodAccessorImpl.java:62)
	at sun.reflect.DelegatingMethodAccessorImpl.invoke(DelegatingMethodAccessorImpl.java:43)
	at java.lang.reflect.Method.invoke(Method.java:497)
	at org.testng.internal.MethodInvocationHelper.invokeMethod(MethodInvocationHelper.java:85)
	at org.testng.internal.Invoker.invokeMethod(Invoker.java:659)
	at org.testng.internal.Invoker.invokeTestMethod(Invoker.java:845)
	at org.testng.internal.Invoker.invokeTestMethods(Invoker.java:1153)
	at org.testng.internal.TestMethodWorker.invokeTestMethods(TestMethodWorker.java:125)
	at org.testng.internal.TestMethodWorker.run(TestMethodWorker.java:108)
	at org.testng.TestRunner.privateRun(TestRunner.java:771)
	at org.testng.TestRunner.run(TestRunner.java:621)
	at org.testng.SuiteRunner.runTest(SuiteRunner.java:357)
	at org.testng.SuiteRunner.runSequentially(SuiteRunner.java:352)
	at org.testng.SuiteRunner.privateRun(SuiteRunner.java:310)
	at org.testng.SuiteRunner.run(SuiteRunner.java:259)
	at org.testng.SuiteRunnerWorker.runSuite(SuiteRunnerWorker.java:52)
	at org.testng.SuiteRunnerWorker.run(SuiteRunnerWorker.java:86)
	at org.testng.TestNG.runSuitesSequentially(TestNG.java:1199)
	at org.testng.TestNG.runSuitesLocally(TestNG.java:1124)
	at org.testng.TestNG.run(TestNG.java:1032)
	at org.testng.remote.RemoteTestNG.run(RemoteTestNG.java:111)
	at org.testng.remote.RemoteTestNG.initAndRun(RemoteTestNG.java:204)
	at org.testng.remote.RemoteTestNG.main(RemoteTestNG.java:175)
Caused by: org.openqa.selenium.NoSuchElementException: Unable to locate element: {&quot;method&quot;:&quot;id&quot;,&quot;selector&quot;:&quot;input_0&quot;}
For documentation on this error, please visit: http://seleniumhq.org/exceptions/no_such_element.html
Build info: version: &apos;2.48.2&apos;, revision: &apos;41bccdd10cf2c0560f637404c2d96164b67d9d67&apos;, time: &apos;2015-10-09 13:08:06&apos;
System info: host: &apos;CO-IT00576&apos;, ip: &apos;10.132.11.3&apos;, os.name: &apos;Windows 7&apos;, os.arch: &apos;amd64&apos;, os.version: &apos;6.1&apos;, java.version: &apos;1.8.0_66&apos;
Driver info: driver.version: unknown
	at &lt;anonymous class&gt;.FirefoxDriver.prototype.findElementInternal_(file:///C:/Users/OMAR~1.MEN/AppData/Local/Temp/anonymous6109580101417197459webdriver-profile/extensions/fxdriver@googlecode.com/components/driver-component.js:10659)
	at &lt;anonymous class&gt;.FirefoxDriver.prototype.findElement(file:///C:/Users/OMAR~1.MEN/AppData/Local/Temp/anonymous6109580101417197459webdriver-profile/extensions/fxdriver@googlecode.com/components/driver-component.js:10668)
	at &lt;anonymous class&gt;.DelayedCommand.prototype.executeInternal_/h(file:///C:/Users/OMAR~1.MEN/AppData/Local/Temp/anonymous6109580101417197459webdriver-profile/extensions/fxdriver@googlecode.com/components/command-processor.js:12534)
	at &lt;anonymous class&gt;.DelayedCommand.prototype.executeInternal_(file:///C:/Users/OMAR~1.MEN/AppData/Local/Temp/anonymous6109580101417197459webdriver-profile/extensions/fxdriver@googlecode.com/components/command-processor.js:12539)
	at &lt;anonymous class&gt;.DelayedCommand.prototype.execute/&lt;(file:///C:/Users/OMAR~1.MEN/AppData/Local/Temp/anonymous6109580101417197459webdriver-profile/extensions/fxdriver@googlecode.com/components/command-processor.js:12481)
</pre></div></td>
<td>8</td>
<td>com.maestrohealth.Onboarding.tests_sprint_1.ONB_38_Firefox_Execution@d041cf</td></tr>
</table><p>
<table width='100%' border='1' class='invocation-passed'>
<tr><td colspan='4' align='center'><b>PASSED TESTS</b></td></tr>
<tr><td><b>Test method</b></td>
<td width="30%"><b>Exception</b></td>
<td width="10%"><b>Time (seconds)</b></td>
<td><b>Instance</b></td>
</tr>
<tr>
<td title='com.maestrohealth.Onboarding.tests_sprint_1.ONB_38_Firefox_Execution.TC_ONB_38_002()'><b>TC_ONB_38_002</b><br>Test class: com.maestrohealth.Onboarding.tests_sprint_1.ONB_38_Firefox_Execution<br/>
<a href="#Output-997850486" onClick='toggleBox("Output-997850486", this, "Show output", "Hide output");'>Show output</a>

<a href="#Output-997850486" onClick="toggleAllBoxes();">Show all outputs</a>
<div class='log' id="Output-997850486">
TC_ONB-38-002 - Username is  empty<br/>
Llamada al driver<br/>
Ingreso  password<br/>
validate actual message vs expected:Username is required<br/>
</div>
</td>
<td></td>
<td>15</td>
<td>com.maestrohealth.Onboarding.tests_sprint_1.ONB_38_Firefox_Execution@d041cf</td></tr>
<tr>
<td title='com.maestrohealth.Onboarding.tests_sprint_1.ONB_38_Chrome_Execution.TC_ONB_38_002()'><b>TC_ONB_38_002</b><br>Test class: com.maestrohealth.Onboarding.tests_sprint_1.ONB_38_Chrome_Execution<br/>
<a href="#Output-512456259" onClick='toggleBox("Output-512456259", this, "Show output", "Hide output");'>Show output</a>

<a href="#Output-512456259" onClick="toggleAllBoxes();">Show all outputs</a>
<div class='log' id="Output-512456259">
TC_ONB-38-002 - Username is  empty<br/>
Llamada al driver<br/>
Ingreso  password<br/>
validate actual message vs expected:Username is required<br/>
</div>
</td>
<td></td>
<td>30</td>
<td>com.maestrohealth.Onboarding.tests_sprint_1.ONB_38_Chrome_Execution@129a8472</td></tr>
<tr>
<td title='com.maestrohealth.Onboarding.tests_sprint_1.ONB_38_InternetExplorer_Execution.TC_ONB_38_002()'><b>TC_ONB_38_002</b><br>Test class: com.maestrohealth.Onboarding.tests_sprint_1.ONB_38_InternetExplorer_Execution<br/>
<a href="#Output-473153915" onClick='toggleBox("Output-473153915", this, "Show output", "Hide output");'>Show output</a>

<a href="#Output-473153915" onClick="toggleAllBoxes();">Show all outputs</a>
<div class='log' id="Output-473153915">
TC_ONB-38-002 - Username is  empty<br/>
Llamada al driver<br/>
Ingreso  password<br/>
validate actual message vs expected:Username is required<br/>
</div>
</td>
<td></td>
<td>43</td>
<td>com.maestrohealth.Onboarding.tests_sprint_1.ONB_38_InternetExplorer_Execution@7e0babb1</td></tr>
<tr>
<td title='com.maestrohealth.Onboarding.tests_sprint_1.ONB_38_Firefox_Execution.TC_ONB_38_003()'><b>TC_ONB_38_003</b><br>Test class: com.maestrohealth.Onboarding.tests_sprint_1.ONB_38_Firefox_Execution<br/>
<a href="#Output-335580595" onClick='toggleBox("Output-335580595", this, "Show output", "Hide output");'>Show output</a>

<a href="#Output-335580595" onClick="toggleAllBoxes();">Show all outputs</a>
<div class='log' id="Output-335580595">
TC_ONB-38-003 - Password is empty<br/>
Llamada al driver<br/>
Ingreso  Username<br/>
validate actual message vs expected:Password is required<br/>
</div>
</td>
<td></td>
<td>16</td>
<td>com.maestrohealth.Onboarding.tests_sprint_1.ONB_38_Firefox_Execution@d041cf</td></tr>
<tr>
<td title='com.maestrohealth.Onboarding.tests_sprint_1.ONB_38_Chrome_Execution.TC_ONB_38_003()'><b>TC_ONB_38_003</b><br>Test class: com.maestrohealth.Onboarding.tests_sprint_1.ONB_38_Chrome_Execution<br/>
<a href="#Output-360936478" onClick='toggleBox("Output-360936478", this, "Show output", "Hide output");'>Show output</a>

<a href="#Output-360936478" onClick="toggleAllBoxes();">Show all outputs</a>
<div class='log' id="Output-360936478">
TC_ONB-38-003 - Password is empty<br/>
Llamada al driver<br/>
Ingreso  Username<br/>
validate actual message vs expected:Password is required<br/>
</div>
</td>
<td></td>
<td>22</td>
<td>com.maestrohealth.Onboarding.tests_sprint_1.ONB_38_Chrome_Execution@129a8472</td></tr>
<tr>
<td title='com.maestrohealth.Onboarding.tests_sprint_1.ONB_38_InternetExplorer_Execution.TC_ONB_38_003()'><b>TC_ONB_38_003</b><br>Test class: com.maestrohealth.Onboarding.tests_sprint_1.ONB_38_InternetExplorer_Execution<br/>
<a href="#Output-240630125" onClick='toggleBox("Output-240630125", this, "Show output", "Hide output");'>Show output</a>

<a href="#Output-240630125" onClick="toggleAllBoxes();">Show all outputs</a>
<div class='log' id="Output-240630125">
TC_ONB-38-003 - Password is empty<br/>
Llamada al driver<br/>
Ingreso  Username<br/>
validate actual message vs expected:Password is required<br/>
</div>
</td>
<td></td>
<td>37</td>
<td>com.maestrohealth.Onboarding.tests_sprint_1.ONB_38_InternetExplorer_Execution@7e0babb1</td></tr>
<tr>
<td title='com.maestrohealth.Onboarding.tests_sprint_1.ONB_38_Firefox_Execution.TC_ONB_38_004()'><b>TC_ONB_38_004</b><br>Test class: com.maestrohealth.Onboarding.tests_sprint_1.ONB_38_Firefox_Execution<br/>
<a href="#Output-1872973138" onClick='toggleBox("Output-1872973138", this, "Show output", "Hide output");'>Show output</a>

<a href="#Output-1872973138" onClick="toggleAllBoxes();">Show all outputs</a>
<div class='log' id="Output-1872973138">
TC_ONB-38-004 - Username and Password  are not valid<br/>
Llamada al driver<br/>
Ingreso del user y password<br/>
validate actual message vs expected:We were not able to recognize your username/password.<br/>
</div>
</td>
<td></td>
<td>15</td>
<td>com.maestrohealth.Onboarding.tests_sprint_1.ONB_38_Firefox_Execution@d041cf</td></tr>
<tr>
<td title='com.maestrohealth.Onboarding.tests_sprint_1.ONB_38_Chrome_Execution.TC_ONB_38_004()'><b>TC_ONB_38_004</b><br>Test class: com.maestrohealth.Onboarding.tests_sprint_1.ONB_38_Chrome_Execution<br/>
<a href="#Output-846974653" onClick='toggleBox("Output-846974653", this, "Show output", "Hide output");'>Show output</a>

<a href="#Output-846974653" onClick="toggleAllBoxes();">Show all outputs</a>
<div class='log' id="Output-846974653">
TC_ONB-38-004 - Username and Password  are not valid<br/>
Llamada al driver<br/>
Ingreso del user y password<br/>
validate actual message vs expected:We were not able to recognize your username/password.<br/>
</div>
</td>
<td></td>
<td>21</td>
<td>com.maestrohealth.Onboarding.tests_sprint_1.ONB_38_Chrome_Execution@129a8472</td></tr>
<tr>
<td title='com.maestrohealth.Onboarding.tests_sprint_1.ONB_38_InternetExplorer_Execution.TC_ONB_38_004()'><b>TC_ONB_38_004</b><br>Test class: com.maestrohealth.Onboarding.tests_sprint_1.ONB_38_InternetExplorer_Execution<br/>
<a href="#Output-735085430" onClick='toggleBox("Output-735085430", this, "Show output", "Hide output");'>Show output</a>

<a href="#Output-735085430" onClick="toggleAllBoxes();">Show all outputs</a>
<div class='log' id="Output-735085430">
TC_ONB-38-004 - Username and Password  are not valid<br/>
Llamada al driver<br/>
Ingreso del user y password<br/>
validate actual message vs expected:We were not able to recognize your username/password.<br/>
</div>
</td>
<td></td>
<td>58</td>
<td>com.maestrohealth.Onboarding.tests_sprint_1.ONB_38_InternetExplorer_Execution@7e0babb1</td></tr>
<tr>
<td title='com.maestrohealth.Onboarding.tests_sprint_1.ONB_38_Firefox_Execution.TC_ONB_38_005()'><b>TC_ONB_38_005</b><br>Test class: com.maestrohealth.Onboarding.tests_sprint_1.ONB_38_Firefox_Execution<br/>
<a href="#Output-672313607" onClick='toggleBox("Output-672313607", this, "Show output", "Hide output");'>Show output</a>

<a href="#Output-672313607" onClick="toggleAllBoxes();">Show all outputs</a>
<div class='log' id="Output-672313607">
TC_ONB-38-005 - Username valid -Password  not valid<br/>
Llamada al driver<br/>
Ingreso del user y password<br/>
validate actual message vs expected:We were not able to recognize your username/password.<br/>
</div>
</td>
<td></td>
<td>24</td>
<td>com.maestrohealth.Onboarding.tests_sprint_1.ONB_38_Firefox_Execution@d041cf</td></tr>
<tr>
<td title='com.maestrohealth.Onboarding.tests_sprint_1.ONB_38_Chrome_Execution.TC_ONB_38_005()'><b>TC_ONB_38_005</b><br>Test class: com.maestrohealth.Onboarding.tests_sprint_1.ONB_38_Chrome_Execution<br/>
<a href="#Output-1489933928" onClick='toggleBox("Output-1489933928", this, "Show output", "Hide output");'>Show output</a>

<a href="#Output-1489933928" onClick="toggleAllBoxes();">Show all outputs</a>
<div class='log' id="Output-1489933928">
TC_ONB-38-005 - Username valid -Password  not valid<br/>
Llamada al driver<br/>
Ingreso del user y password<br/>
validate actual message vs expected:We were not able to recognize your username/password.<br/>
</div>
</td>
<td></td>
<td>22</td>
<td>com.maestrohealth.Onboarding.tests_sprint_1.ONB_38_Chrome_Execution@129a8472</td></tr>
<tr>
<td title='com.maestrohealth.Onboarding.tests_sprint_1.ONB_38_InternetExplorer_Execution.TC_ONB_38_005()'><b>TC_ONB_38_005</b><br>Test class: com.maestrohealth.Onboarding.tests_sprint_1.ONB_38_InternetExplorer_Execution<br/>
<a href="#Output-87674905" onClick='toggleBox("Output-87674905", this, "Show output", "Hide output");'>Show output</a>

<a href="#Output-87674905" onClick="toggleAllBoxes();">Show all outputs</a>
<div class='log' id="Output-87674905">
TC_ONB-38-005 - Username valid -Password  not valid<br/>
Llamada al driver<br/>
Ingreso del user y password<br/>
validate actual message vs expected:We were not able to recognize your username/password.<br/>
</div>
</td>
<td></td>
<td>58</td>
<td>com.maestrohealth.Onboarding.tests_sprint_1.ONB_38_InternetExplorer_Execution@7e0babb1</td></tr>
<tr>
<td title='com.maestrohealth.Onboarding.tests_sprint_1.ONB_38_Chrome_Execution.TC_ONB_38_006()'><b>TC_ONB_38_006</b><br>Test class: com.maestrohealth.Onboarding.tests_sprint_1.ONB_38_Chrome_Execution<br/>
<a href="#Output-1611370719" onClick='toggleBox("Output-1611370719", this, "Show output", "Hide output");'>Show output</a>

<a href="#Output-1611370719" onClick="toggleAllBoxes();">Show all outputs</a>
<div class='log' id="Output-1611370719">
TC_ONB-38-006 - Username not valid -Password  valid<br/>
Llamada al driver<br/>
Ingreso del user y password<br/>
validate actual message vs expected:We were not able to recognize your username/password.<br/>
</div>
</td>
<td></td>
<td>21</td>
<td>com.maestrohealth.Onboarding.tests_sprint_1.ONB_38_Chrome_Execution@129a8472</td></tr>
<tr>
<td title='com.maestrohealth.Onboarding.tests_sprint_1.ONB_38_InternetExplorer_Execution.TC_ONB_38_006()'><b>TC_ONB_38_006</b><br>Test class: com.maestrohealth.Onboarding.tests_sprint_1.ONB_38_InternetExplorer_Execution<br/>
<a href="#Output-1839962989" onClick='toggleBox("Output-1839962989", this, "Show output", "Hide output");'>Show output</a>

<a href="#Output-1839962989" onClick="toggleAllBoxes();">Show all outputs</a>
<div class='log' id="Output-1839962989">
TC_ONB-38-006 - Username not valid -Password  valid<br/>
Llamada al driver<br/>
Ingreso del user y password<br/>
validate actual message vs expected:We were not able to recognize your username/password.<br/>
</div>
</td>
<td></td>
<td>73</td>
<td>com.maestrohealth.Onboarding.tests_sprint_1.ONB_38_InternetExplorer_Execution@7e0babb1</td></tr>
<tr>
<td title='com.maestrohealth.Onboarding.tests_sprint_1.ONB_38_Firefox_Execution.TC_ONB_38_007()'><b>TC_ONB_38_007</b><br>Test class: com.maestrohealth.Onboarding.tests_sprint_1.ONB_38_Firefox_Execution<br/>
<a href="#Output-53940034" onClick='toggleBox("Output-53940034", this, "Show output", "Hide output");'>Show output</a>

<a href="#Output-53940034" onClick="toggleAllBoxes();">Show all outputs</a>
<div class='log' id="Output-53940034">
TC_ONB-38-007 - Username valid -Password  valid<br/>
Llamada al driver<br/>
Ingreso del user y password<br/>
validate that username and role is shown<br/>
</div>
</td>
<td></td>
<td>18</td>
<td>com.maestrohealth.Onboarding.tests_sprint_1.ONB_38_Firefox_Execution@d041cf</td></tr>
<tr>
<td title='com.maestrohealth.Onboarding.tests_sprint_1.ONB_38_Chrome_Execution.TC_ONB_38_007()'><b>TC_ONB_38_007</b><br>Test class: com.maestrohealth.Onboarding.tests_sprint_1.ONB_38_Chrome_Execution<br/>
<a href="#Output-409598930" onClick='toggleBox("Output-409598930", this, "Show output", "Hide output");'>Show output</a>

<a href="#Output-409598930" onClick="toggleAllBoxes();">Show all outputs</a>
<div class='log' id="Output-409598930">
TC_ONB-38-007 - Username valid -Password  valid<br/>
Llamada al driver<br/>
Ingreso del user y password<br/>
validate that username and role is shown<br/>
</div>
</td>
<td></td>
<td>21</td>
<td>com.maestrohealth.Onboarding.tests_sprint_1.ONB_38_Chrome_Execution@129a8472</td></tr>
<tr>
<td title='com.maestrohealth.Onboarding.tests_sprint_1.ONB_38_InternetExplorer_Execution.TC_ONB_38_007()'><b>TC_ONB_38_007</b><br>Test class: com.maestrohealth.Onboarding.tests_sprint_1.ONB_38_InternetExplorer_Execution<br/>
<a href="#Output-1322642290" onClick='toggleBox("Output-1322642290", this, "Show output", "Hide output");'>Show output</a>

<a href="#Output-1322642290" onClick="toggleAllBoxes();">Show all outputs</a>
<div class='log' id="Output-1322642290">
TC_ONB-38-007 - Username valid -Password  valid<br/>
Llamada al driver<br/>
Ingreso del user y password<br/>
validate that username and role is shown<br/>
</div>
</td>
<td></td>
<td>63</td>
<td>com.maestrohealth.Onboarding.tests_sprint_1.ONB_38_InternetExplorer_Execution@7e0babb1</td></tr>
</table><p>
</body>
</html>