<?xml version="1.0" encoding="UTF-8"?>
<!-- Generated by org.testng.reporters.JUnitXMLReporter -->
<testsuite hostname="CO-IT00576" name="ONB-42 Employer logs out of the Onboarding Employer Portal " tests="10" failures="1" timestamp="19 Feb 2016 18:45:24 GMT" time="401.262" errors="0">
  <testcase name="TC_ONB_42_001" time="31.845" classname="com.maestrohealth.Onboarding.tests_sprint_1.ONB_42_Chrome_Execution"/>
  <testcase name="TC_ONB_42_002" time="44.403" classname="com.maestrohealth.Onboarding.tests_sprint_1.ONB_42_Chrome_Execution">
    <failure type="org.openqa.selenium.NoSuchElementException" message="no such element: Unable to locate element: {&amp;quot;method&amp;quot;:&amp;quot;xpath&amp;quot;,&amp;quot;selector&amp;quot;:&amp;quot;html/body/div[1]/div/md-content/header/md-toolbar/section/span&amp;quot;}
  (Session info: chrome=48.0.2564.109)
  (Driver info: chromedriver=2.20.353145 (343b531d31eeb933ec778dbcf7081628a1396067),platform=Windows NT 6.1 SP1 x86_64) (WARNING: The server did not provide any stacktrace information)
Command duration or timeout: 22 milliseconds
For documentation on this error, please visit: http://seleniumhq.org/exceptions/no_such_element.html
Build info: version: &amp;apos;2.48.2&amp;apos;, revision: &amp;apos;41bccdd10cf2c0560f637404c2d96164b67d9d67&amp;apos;, time: &amp;apos;2015-10-09 13:08:06&amp;apos;
System info: host: &amp;apos;CO-IT00576&amp;apos;, ip: &amp;apos;10.132.11.3&amp;apos;, os.name: &amp;apos;Windows 7&amp;apos;, os.arch: &amp;apos;amd64&amp;apos;, os.version: &amp;apos;6.1&amp;apos;, java.version: &amp;apos;1.8.0_66&amp;apos;
Driver info: org.openqa.selenium.chrome.ChromeDriver
Capabilities [{applicationCacheEnabled=false, rotatable=false, mobileEmulationEnabled=false, chrome={userDataDir=C:\Users\OMAR~1.MEN\AppData\Local\Temp\scoped_dir8588_24693}, takesHeapSnapshot=true, databaseEnabled=false, handlesAlerts=true, hasTouchScreen=false, version=48.0.2564.109, platform=XP, browserConnectionEnabled=false, nativeEvents=true, acceptSslCerts=true, locationContextEnabled=true, webStorageEnabled=true, browserName=chrome, takesScreenshot=true, javascriptEnabled=true, cssSelectorsEnabled=true}]
Session ID: 070104e2b15e40c580bc59b03dde9656
*** Element info: {Using=xpath, value=html/body/div[1]/div/md-content/header/md-toolbar/section/span}">
      <![CDATA[org.openqa.selenium.NoSuchElementException: no such element: Unable to locate element: {"method":"xpath","selector":"html/body/div[1]/div/md-content/header/md-toolbar/section/span"}
  (Session info: chrome=48.0.2564.109)
  (Driver info: chromedriver=2.20.353145 (343b531d31eeb933ec778dbcf7081628a1396067),platform=Windows NT 6.1 SP1 x86_64) (WARNING: The server did not provide any stacktrace information)
Command duration or timeout: 22 milliseconds
For documentation on this error, please visit: http://seleniumhq.org/exceptions/no_such_element.html
Build info: version: '2.48.2', revision: '41bccdd10cf2c0560f637404c2d96164b67d9d67', time: '2015-10-09 13:08:06'
System info: host: 'CO-IT00576', ip: '10.132.11.3', os.name: 'Windows 7', os.arch: 'amd64', os.version: '6.1', java.version: '1.8.0_66'
Driver info: org.openqa.selenium.chrome.ChromeDriver
Capabilities [{applicationCacheEnabled=false, rotatable=false, mobileEmulationEnabled=false, chrome={userDataDir=C:\Users\OMAR~1.MEN\AppData\Local\Temp\scoped_dir8588_24693}, takesHeapSnapshot=true, databaseEnabled=false, handlesAlerts=true, hasTouchScreen=false, version=48.0.2564.109, platform=XP, browserConnectionEnabled=false, nativeEvents=true, acceptSslCerts=true, locationContextEnabled=true, webStorageEnabled=true, browserName=chrome, takesScreenshot=true, javascriptEnabled=true, cssSelectorsEnabled=true}]
Session ID: 070104e2b15e40c580bc59b03dde9656
*** Element info: {Using=xpath, value=html/body/div[1]/div/md-content/header/md-toolbar/section/span}
	at org.openqa.selenium.remote.ErrorHandler.createThrowable(ErrorHandler.java:206)
	at org.openqa.selenium.remote.ErrorHandler.throwIfResponseFailed(ErrorHandler.java:158)
	at org.openqa.selenium.remote.RemoteWebDriver.execute(RemoteWebDriver.java:647)
	at org.openqa.selenium.remote.RemoteWebDriver.findElement(RemoteWebDriver.java:353)
	at org.openqa.selenium.remote.RemoteWebDriver.findElementByXPath(RemoteWebDriver.java:490)
	at org.openqa.selenium.By$ByXPath.findElement(By.java:361)
	at org.openqa.selenium.remote.RemoteWebDriver.findElement(RemoteWebDriver.java:345)
	at org.openqa.selenium.support.pagefactory.DefaultElementLocator.findElement(DefaultElementLocator.java:69)
	at org.openqa.selenium.support.pagefactory.internal.LocatingElementHandler.invoke(LocatingElementHandler.java:38)
	at com.sun.proxy.$Proxy6.getText(Unknown Source)
	at com.maestrohealth.Onboarding.pages.onb_38_Employer_login.Login_successful.get_username_role(Login_successful.java:17)
	at com.maestrohealth.Onboarding.tests_sprint_1.ONB_42_Chrome_Execution.TC_ONB_42_002(ONB_42_Chrome_Execution.java:84)
	at java.util.concurrent.FutureTask.run(FutureTask.java:266)
	at java.util.concurrent.ThreadPoolExecutor.runWorker(ThreadPoolExecutor.java:1142)
	at java.util.concurrent.ThreadPoolExecutor$Worker.run(ThreadPoolExecutor.java:617)
	at java.lang.Thread.run(Thread.java:745)
... Removed 20 stack frames]]>
    </failure>
  </testcase> <!-- TC_ONB_42_002 -->
  <testcase name="TC_ONB_42_003" time="38.817" classname="com.maestrohealth.Onboarding.tests_sprint_1.ONB_42_Chrome_Execution"/>
  <testcase name="TC_ONB_42_004" time="35.1" classname="com.maestrohealth.Onboarding.tests_sprint_1.ONB_42_Chrome_Execution"/>
  <testcase name="TC_ONB_42_005" time="36.591" classname="com.maestrohealth.Onboarding.tests_sprint_1.ONB_42_Chrome_Execution"/>
  <testcase name="TC_ONB_42_006" time="33.174" classname="com.maestrohealth.Onboarding.tests_sprint_1.ONB_42_Chrome_Execution"/>
  <testcase name="TC_ONB_42_007" time="33.384" classname="com.maestrohealth.Onboarding.tests_sprint_1.ONB_42_Chrome_Execution"/>
  <testcase name="TC_ONB_42_008" time="34.036" classname="com.maestrohealth.Onboarding.tests_sprint_1.ONB_42_Chrome_Execution"/>
  <testcase name="TC_ONB_42_009" time="33.018" classname="com.maestrohealth.Onboarding.tests_sprint_1.ONB_42_Chrome_Execution"/>
  <testcase name="TC_ONB_42_010" time="31.18" classname="com.maestrohealth.Onboarding.tests_sprint_1.ONB_42_Chrome_Execution"/>
</testsuite> <!-- ONB-42 Employer logs out of the Onboarding Employer Portal  -->
