<?xml version="1.0" encoding="UTF-8"?>
<!-- Generated by org.testng.reporters.JUnitXMLReporter -->
<testsuite hostname="DESKTOP-M4JHFRS" name="ONB-38 Employer logs into the Onboarding Employer Portal" tests="21" failures="1" timestamp="30 Jan 2016 16:20:02 GMT" time="780.59" errors="0">
  <testcase name="TC_ONB_38_001" time="13.345" classname="com.maestrohealth.Onboarding.tests_sprint_1.ONB_38_Firefox_Execution"/>
  <testcase name="TC_ONB_38_002" time="22.975" classname="com.maestrohealth.Onboarding.tests_sprint_1.ONB_38_Firefox_Execution"/>
  <testcase name="TC_ONB_38_003" time="6.163" classname="com.maestrohealth.Onboarding.tests_sprint_1.ONB_38_Firefox_Execution">
    <failure type="org.openqa.selenium.NoSuchElementException" message="Unable to locate element: {&amp;quot;method&amp;quot;:&amp;quot;id&amp;quot;,&amp;quot;selector&amp;quot;:&amp;quot;input_0&amp;quot;}
Command duration or timeout: 933 milliseconds
For documentation on this error, please visit: http://seleniumhq.org/exceptions/no_such_element.html
Build info: version: &amp;apos;2.48.2&amp;apos;, revision: &amp;apos;41bccdd10cf2c0560f637404c2d96164b67d9d67&amp;apos;, time: &amp;apos;2015-10-09 13:08:06&amp;apos;
System info: host: &amp;apos;DESKTOP-M4JHFRS&amp;apos;, ip: &amp;apos;192.168.0.12&amp;apos;, os.name: &amp;apos;Windows 10&amp;apos;, os.arch: &amp;apos;amd64&amp;apos;, os.version: &amp;apos;10.0&amp;apos;, java.version: &amp;apos;1.8.0_66&amp;apos;
Driver info: org.openqa.selenium.firefox.FirefoxDriver
Capabilities [{applicationCacheEnabled=true, rotatable=false, handlesAlerts=true, databaseEnabled=true, version=43.0.4, platform=WINDOWS, nativeEvents=false, acceptSslCerts=true, webStorageEnabled=true, locationContextEnabled=true, browserName=firefox, takesScreenshot=true, javascriptEnabled=true, cssSelectorsEnabled=true}]
Session ID: 6ace9ff3-9bbe-4d32-a8db-e439d044c913
*** Element info: {Using=id, value=input_0}">
      <![CDATA[org.openqa.selenium.NoSuchElementException: Unable to locate element: {"method":"id","selector":"input_0"}
Command duration or timeout: 933 milliseconds
For documentation on this error, please visit: http://seleniumhq.org/exceptions/no_such_element.html
Build info: version: '2.48.2', revision: '41bccdd10cf2c0560f637404c2d96164b67d9d67', time: '2015-10-09 13:08:06'
System info: host: 'DESKTOP-M4JHFRS', ip: '192.168.0.12', os.name: 'Windows 10', os.arch: 'amd64', os.version: '10.0', java.version: '1.8.0_66'
Driver info: org.openqa.selenium.firefox.FirefoxDriver
Capabilities [{applicationCacheEnabled=true, rotatable=false, handlesAlerts=true, databaseEnabled=true, version=43.0.4, platform=WINDOWS, nativeEvents=false, acceptSslCerts=true, webStorageEnabled=true, locationContextEnabled=true, browserName=firefox, takesScreenshot=true, javascriptEnabled=true, cssSelectorsEnabled=true}]
Session ID: 6ace9ff3-9bbe-4d32-a8db-e439d044c913
*** Element info: {Using=id, value=input_0}
	at org.openqa.selenium.remote.ErrorHandler.createThrowable(ErrorHandler.java:206)
	at org.openqa.selenium.remote.ErrorHandler.throwIfResponseFailed(ErrorHandler.java:158)
	at org.openqa.selenium.remote.RemoteWebDriver.execute(RemoteWebDriver.java:647)
	at org.openqa.selenium.remote.RemoteWebDriver.findElement(RemoteWebDriver.java:353)
	at org.openqa.selenium.remote.RemoteWebDriver.findElementById(RemoteWebDriver.java:403)
	at org.openqa.selenium.By$ById.findElement(By.java:218)
	at org.openqa.selenium.remote.RemoteWebDriver.findElement(RemoteWebDriver.java:345)
	at org.openqa.selenium.support.pagefactory.DefaultElementLocator.findElement(DefaultElementLocator.java:69)
	at org.openqa.selenium.support.pagefactory.internal.LocatingElementHandler.invoke(LocatingElementHandler.java:38)
	at com.sun.proxy.$Proxy6.sendKeys(Unknown Source)
	at com.maestrohealth.Onboarding.pages.onb_38_Employer_login.Login.Sign_in(Login.java:22)
	at com.maestrohealth.Onboarding.tests_sprint_1.ONB_38_Firefox_Execution.TC_ONB_38_003(ONB_38_Firefox_Execution.java:78)
Caused by: org.openqa.selenium.NoSuchElementException: Unable to locate element: {"method":"id","selector":"input_0"}
For documentation on this error, please visit: http://seleniumhq.org/exceptions/no_such_element.html
Build info: version: '2.48.2', revision: '41bccdd10cf2c0560f637404c2d96164b67d9d67', time: '2015-10-09 13:08:06'
System info: host: 'DESKTOP-M4JHFRS', ip: '192.168.0.12', os.name: 'Windows 10', os.arch: 'amd64', os.version: '10.0', java.version: '1.8.0_66'
Driver info: driver.version: unknown
	at <anonymous class>.FirefoxDriver.prototype.findElementInternal_(file:///C:/Users/user/AppData/Local/Temp/anonymous3038493221734460221webdriver-profile/extensions/fxdriver@googlecode.com/components/driver-component.js:10659)
	at <anonymous class>.FirefoxDriver.prototype.findElement(file:///C:/Users/user/AppData/Local/Temp/anonymous3038493221734460221webdriver-profile/extensions/fxdriver@googlecode.com/components/driver-component.js:10668)
	at <anonymous class>.DelayedCommand.prototype.executeInternal_/h(file:///C:/Users/user/AppData/Local/Temp/anonymous3038493221734460221webdriver-profile/extensions/fxdriver@googlecode.com/components/command-processor.js:12534)
	at <anonymous class>.DelayedCommand.prototype.executeInternal_(file:///C:/Users/user/AppData/Local/Temp/anonymous3038493221734460221webdriver-profile/extensions/fxdriver@googlecode.com/components/command-processor.js:12539)
	at <anonymous class>.DelayedCommand.prototype.execute/<(file:///C:/Users/user/AppData/Local/Temp/anonymous3038493221734460221webdriver-profile/extensions/fxdriver@googlecode.com/components/command-processor.js:12481)
... Removed 28 stack frames]]>
    </failure>
  </testcase> <!-- TC_ONB_38_003 -->
  <testcase name="TC_ONB_38_004" time="18.394" classname="com.maestrohealth.Onboarding.tests_sprint_1.ONB_38_Firefox_Execution"/>
  <testcase name="TC_ONB_38_005" time="18.186" classname="com.maestrohealth.Onboarding.tests_sprint_1.ONB_38_Firefox_Execution"/>
  <testcase name="TC_ONB_38_006" time="18.603" classname="com.maestrohealth.Onboarding.tests_sprint_1.ONB_38_Firefox_Execution"/>
  <testcase name="TC_ONB_38_007" time="23.338" classname="com.maestrohealth.Onboarding.tests_sprint_1.ONB_38_Firefox_Execution"/>
  <testcase name="TC_ONB_38_001" time="17.615" classname="com.maestrohealth.Onboarding.tests_sprint_1.ONB_38_Chrome_Execution"/>
  <testcase name="TC_ONB_38_002" time="24.254" classname="com.maestrohealth.Onboarding.tests_sprint_1.ONB_38_Chrome_Execution"/>
  <testcase name="TC_ONB_38_003" time="24.489" classname="com.maestrohealth.Onboarding.tests_sprint_1.ONB_38_Chrome_Execution"/>
  <testcase name="TC_ONB_38_004" time="24.178" classname="com.maestrohealth.Onboarding.tests_sprint_1.ONB_38_Chrome_Execution"/>
  <testcase name="TC_ONB_38_005" time="40.331" classname="com.maestrohealth.Onboarding.tests_sprint_1.ONB_38_Chrome_Execution"/>
  <testcase name="TC_ONB_38_006" time="23.443" classname="com.maestrohealth.Onboarding.tests_sprint_1.ONB_38_Chrome_Execution"/>
  <testcase name="TC_ONB_38_007" time="25.912" classname="com.maestrohealth.Onboarding.tests_sprint_1.ONB_38_Chrome_Execution"/>
  <testcase name="TC_ONB_38_001" time="13.925" classname="com.maestrohealth.Onboarding.tests_sprint_1.ONB_38_InternetExplorer_Execution"/>
  <testcase name="TC_ONB_38_002" time="44.535" classname="com.maestrohealth.Onboarding.tests_sprint_1.ONB_38_InternetExplorer_Execution"/>
  <testcase name="TC_ONB_38_003" time="38.802" classname="com.maestrohealth.Onboarding.tests_sprint_1.ONB_38_InternetExplorer_Execution"/>
  <testcase name="TC_ONB_38_004" time="58.805" classname="com.maestrohealth.Onboarding.tests_sprint_1.ONB_38_InternetExplorer_Execution"/>
  <testcase name="TC_ONB_38_005" time="58.961" classname="com.maestrohealth.Onboarding.tests_sprint_1.ONB_38_InternetExplorer_Execution"/>
  <testcase name="TC_ONB_38_006" time="74.369" classname="com.maestrohealth.Onboarding.tests_sprint_1.ONB_38_InternetExplorer_Execution"/>
  <testcase name="TC_ONB_38_007" time="65.581" classname="com.maestrohealth.Onboarding.tests_sprint_1.ONB_38_InternetExplorer_Execution"/>
</testsuite> <!-- ONB-38 Employer logs into the Onboarding Employer Portal -->
