<html>
<head>
<title>TestNG:  ONB-38 Employer logs into the Onboarding Employer Portal</title>
<link href="../testng.css" rel="stylesheet" type="text/css" />
<link href="../my-testng.css" rel="stylesheet" type="text/css" />

<style type="text/css">
.log { display: none;} 
.stack-trace { display: none;} 
</style>
<script type="text/javascript">
<!--
function flip(e) {
  current = e.style.display;
  if (current == 'block') {
    e.style.display = 'none';
    return 0;
  }
  else {
    e.style.display = 'block';
    return 1;
  }
}

function toggleBox(szDivId, elem, msg1, msg2)
{
  var res = -1;  if (document.getElementById) {
    res = flip(document.getElementById(szDivId));
  }
  else if (document.all) {
    // this is the way old msie versions work
    res = flip(document.all[szDivId]);
  }
  if(elem) {
    if(res == 0) elem.innerHTML = msg1; else elem.innerHTML = msg2;
  }

}

function toggleAllBoxes() {
  if (document.getElementsByTagName) {
    d = document.getElementsByTagName('div');
    for (i = 0; i < d.length; i++) {
      if (d[i].className == 'log') {
        flip(d[i]);
      }
    }
  }
}

// -->
</script>

</head>
<body>
<h2 align='center'>ONB-38 Employer logs into the Onboarding Employer Portal</h2><table border='1' align="center">
<tr>
<td>Tests passed/Failed/Skipped:</td><td>20/1/0</td>
</tr><tr>
<td>Started on:</td><td>Sat Jan 30 11:07:02 COT 2016</td>
</tr>
<tr><td>Total time:</td><td>780 seconds (780590 ms)</td>
</tr><tr>
<td>Included groups:</td><td></td>
</tr><tr>
<td>Excluded groups:</td><td></td>
</tr>
</table><p/>
<small><i>(Hover the method name to see the test class name)</i></small><p/>
<table width='100%' border='1' class='invocation-failed'>
<tr><td colspan='4' align='center'><b>FAILED TESTS</b></td></tr>
<tr><td><b>Test method</b></td>
<td width="30%"><b>Exception</b></td>
<td width="10%"><b>Time (seconds)</b></td>
<td><b>Instance</b></td>
</tr>
<tr>
<td title='com.maestrohealth.Onboarding.tests_sprint_1.ONB_38_Firefox_Execution.TC_ONB_38_003()'><b>TC_ONB_38_003</b><br>Test class: com.maestrohealth.Onboarding.tests_sprint_1.ONB_38_Firefox_Execution<br/>
<a href="#Output-1332757905" onClick='toggleBox("Output-1332757905", this, "Show output", "Hide output");'>Show output</a>

<a href="#Output-1332757905" onClick="toggleAllBoxes();">Show all outputs</a>
<div class='log' id="Output-1332757905">
TC_ONB-38-003 - Password is empty<br/>
Llamada al driver<br/>
Ingreso  Username<br/>
</div>
</td>
<td><div><pre>org.openqa.selenium.NoSuchElementException: Unable to locate element: {&quot;method&quot;:&quot;id&quot;,&quot;selector&quot;:&quot;input_0&quot;}
Command duration or timeout: 933 milliseconds
For documentation on this error, please visit: http://seleniumhq.org/exceptions/no_such_element.html
Build info: version: &apos;2.48.2&apos;, revision: &apos;41bccdd10cf2c0560f637404c2d96164b67d9d67&apos;, time: &apos;2015-10-09 13:08:06&apos;
System info: host: &apos;DESKTOP-M4JHFRS&apos;, ip: &apos;192.168.0.12&apos;, os.name: &apos;Windows 10&apos;, os.arch: &apos;amd64&apos;, os.version: &apos;10.0&apos;, java.version: &apos;1.8.0_66&apos;
Driver info: org.openqa.selenium.firefox.FirefoxDriver
Capabilities [{applicationCacheEnabled=true, rotatable=false, handlesAlerts=true, databaseEnabled=true, version=43.0.4, platform=WINDOWS, nativeEvents=false, acceptSslCerts=true, webStorageEnabled=true, locationContextEnabled=true, browserName=firefox, takesScreenshot=true, javascriptEnabled=true, cssSelectorsEnabled=true}]
Session ID: 6ace9ff3-9bbe-4d32-a8db-e439d044c913
*** Element info: {Using=id, value=input_0}
	at org.openqa.selenium.remote.ErrorHandler.createThrowable(ErrorHandler.java:206)
	at org.openqa.selenium.remote.ErrorHandler.throwIfResponseFailed(ErrorHandler.java:158)
	at org.openqa.selenium.remote.RemoteWebDriver.execute(RemoteWebDriver.java:647)
	at org.openqa.selenium.remote.RemoteWebDriver.findElement(RemoteWebDriver.java:353)
	at org.openqa.selenium.remote.RemoteWebDriver.findElementById(RemoteWebDriver.java:403)
	at org.openqa.selenium.By$ById.findElement(By.java:218)
	at org.openqa.selenium.remote.RemoteWebDriver.findElement(RemoteWebDriver.java:345)
	at org.openqa.selenium.support.pagefactory.DefaultElementLocator.findElement(DefaultElementLocator.java:69)
	at org.openqa.selenium.support.pagefactory.internal.LocatingElementHandler.invoke(LocatingElementHandler.java:38)
	at com.sun.proxy.$Proxy6.sendKeys(Unknown Source)
	at com.maestrohealth.Onboarding.pages.onb_38_Employer_login.Login.Sign_in(Login.java:22)
	at com.maestrohealth.Onboarding.tests_sprint_1.ONB_38_Firefox_Execution.TC_ONB_38_003(ONB_38_Firefox_Execution.java:78)
Caused by: org.openqa.selenium.NoSuchElementException: Unable to locate element: {&quot;method&quot;:&quot;id&quot;,&quot;selector&quot;:&quot;input_0&quot;}
For documentation on this error, please visit: http://seleniumhq.org/exceptions/no_such_element.html
Build info: version: &apos;2.48.2&apos;, revision: &apos;41bccdd10cf2c0560f637404c2d96164b67d9d67&apos;, time: &apos;2015-10-09 13:08:06&apos;
System info: host: &apos;DESKTOP-M4JHFRS&apos;, ip: &apos;192.168.0.12&apos;, os.name: &apos;Windows 10&apos;, os.arch: &apos;amd64&apos;, os.version: &apos;10.0&apos;, java.version: &apos;1.8.0_66&apos;
Driver info: driver.version: unknown
	at &lt;anonymous class&gt;.FirefoxDriver.prototype.findElementInternal_(file:///C:/Users/user/AppData/Local/Temp/anonymous3038493221734460221webdriver-profile/extensions/fxdriver@googlecode.com/components/driver-component.js:10659)
	at &lt;anonymous class&gt;.FirefoxDriver.prototype.findElement(file:///C:/Users/user/AppData/Local/Temp/anonymous3038493221734460221webdriver-profile/extensions/fxdriver@googlecode.com/components/driver-component.js:10668)
	at &lt;anonymous class&gt;.DelayedCommand.prototype.executeInternal_/h(file:///C:/Users/user/AppData/Local/Temp/anonymous3038493221734460221webdriver-profile/extensions/fxdriver@googlecode.com/components/command-processor.js:12534)
	at &lt;anonymous class&gt;.DelayedCommand.prototype.executeInternal_(file:///C:/Users/user/AppData/Local/Temp/anonymous3038493221734460221webdriver-profile/extensions/fxdriver@googlecode.com/components/command-processor.js:12539)
	at &lt;anonymous class&gt;.DelayedCommand.prototype.execute/&lt;(file:///C:/Users/user/AppData/Local/Temp/anonymous3038493221734460221webdriver-profile/extensions/fxdriver@googlecode.com/components/command-processor.js:12481)
... Removed 28 stack frames</pre></div><a href='#' onClick='toggleBox("stack-trace1332757905", this, "Click to show all stack frames", "Click to hide stack frames")'>Click to show all stack frames</a>
<div class='stack-trace' id='stack-trace1332757905'><pre>org.openqa.selenium.NoSuchElementException: Unable to locate element: {&quot;method&quot;:&quot;id&quot;,&quot;selector&quot;:&quot;input_0&quot;}
Command duration or timeout: 933 milliseconds
For documentation on this error, please visit: http://seleniumhq.org/exceptions/no_such_element.html
Build info: version: &apos;2.48.2&apos;, revision: &apos;41bccdd10cf2c0560f637404c2d96164b67d9d67&apos;, time: &apos;2015-10-09 13:08:06&apos;
System info: host: &apos;DESKTOP-M4JHFRS&apos;, ip: &apos;192.168.0.12&apos;, os.name: &apos;Windows 10&apos;, os.arch: &apos;amd64&apos;, os.version: &apos;10.0&apos;, java.version: &apos;1.8.0_66&apos;
Driver info: org.openqa.selenium.firefox.FirefoxDriver
Capabilities [{applicationCacheEnabled=true, rotatable=false, handlesAlerts=true, databaseEnabled=true, version=43.0.4, platform=WINDOWS, nativeEvents=false, acceptSslCerts=true, webStorageEnabled=true, locationContextEnabled=true, browserName=firefox, takesScreenshot=true, javascriptEnabled=true, cssSelectorsEnabled=true}]
Session ID: 6ace9ff3-9bbe-4d32-a8db-e439d044c913
*** Element info: {Using=id, value=input_0}
	at sun.reflect.NativeConstructorAccessorImpl.newInstance0(Native Method)
	at sun.reflect.NativeConstructorAccessorImpl.newInstance(Unknown Source)
	at sun.reflect.DelegatingConstructorAccessorImpl.newInstance(Unknown Source)
	at java.lang.reflect.Constructor.newInstance(Unknown Source)
	at org.openqa.selenium.remote.ErrorHandler.createThrowable(ErrorHandler.java:206)
	at org.openqa.selenium.remote.ErrorHandler.throwIfResponseFailed(ErrorHandler.java:158)
	at org.openqa.selenium.remote.RemoteWebDriver.execute(RemoteWebDriver.java:647)
	at org.openqa.selenium.remote.RemoteWebDriver.findElement(RemoteWebDriver.java:353)
	at org.openqa.selenium.remote.RemoteWebDriver.findElementById(RemoteWebDriver.java:403)
	at org.openqa.selenium.By$ById.findElement(By.java:218)
	at org.openqa.selenium.remote.RemoteWebDriver.findElement(RemoteWebDriver.java:345)
	at org.openqa.selenium.support.pagefactory.DefaultElementLocator.findElement(DefaultElementLocator.java:69)
	at org.openqa.selenium.support.pagefactory.internal.LocatingElementHandler.invoke(LocatingElementHandler.java:38)
	at com.sun.proxy.$Proxy6.sendKeys(Unknown Source)
	at com.maestrohealth.Onboarding.pages.onb_38_Employer_login.Login.Sign_in(Login.java:22)
	at com.maestrohealth.Onboarding.tests_sprint_1.ONB_38_Firefox_Execution.TC_ONB_38_003(ONB_38_Firefox_Execution.java:78)
	at sun.reflect.NativeMethodAccessorImpl.invoke0(Native Method)
	at sun.reflect.NativeMethodAccessorImpl.invoke(Unknown Source)
	at sun.reflect.DelegatingMethodAccessorImpl.invoke(Unknown Source)
	at java.lang.reflect.Method.invoke(Unknown Source)
	at org.testng.internal.MethodInvocationHelper.invokeMethod(MethodInvocationHelper.java:85)
	at org.testng.internal.Invoker.invokeMethod(Invoker.java:659)
	at org.testng.internal.Invoker.invokeTestMethod(Invoker.java:845)
	at org.testng.internal.Invoker.invokeTestMethods(Invoker.java:1153)
	at org.testng.internal.TestMethodWorker.invokeTestMethods(TestMethodWorker.java:125)
	at org.testng.internal.TestMethodWorker.run(TestMethodWorker.java:108)
	at org.testng.TestRunner.privateRun(TestRunner.java:771)
	at org.testng.TestRunner.run(TestRunner.java:621)
	at org.testng.SuiteRunner.runTest(SuiteRunner.java:357)
	at org.testng.SuiteRunner.runSequentially(SuiteRunner.java:352)
	at org.testng.SuiteRunner.privateRun(SuiteRunner.java:310)
	at org.testng.SuiteRunner.run(SuiteRunner.java:259)
	at org.testng.SuiteRunnerWorker.runSuite(SuiteRunnerWorker.java:52)
	at org.testng.SuiteRunnerWorker.run(SuiteRunnerWorker.java:86)
	at org.testng.TestNG.runSuitesSequentially(TestNG.java:1199)
	at org.testng.TestNG.runSuitesLocally(TestNG.java:1124)
	at org.testng.TestNG.run(TestNG.java:1032)
	at org.testng.remote.RemoteTestNG.run(RemoteTestNG.java:111)
	at org.testng.remote.RemoteTestNG.initAndRun(RemoteTestNG.java:204)
	at org.testng.remote.RemoteTestNG.main(RemoteTestNG.java:175)
Caused by: org.openqa.selenium.NoSuchElementException: Unable to locate element: {&quot;method&quot;:&quot;id&quot;,&quot;selector&quot;:&quot;input_0&quot;}
For documentation on this error, please visit: http://seleniumhq.org/exceptions/no_such_element.html
Build info: version: &apos;2.48.2&apos;, revision: &apos;41bccdd10cf2c0560f637404c2d96164b67d9d67&apos;, time: &apos;2015-10-09 13:08:06&apos;
System info: host: &apos;DESKTOP-M4JHFRS&apos;, ip: &apos;192.168.0.12&apos;, os.name: &apos;Windows 10&apos;, os.arch: &apos;amd64&apos;, os.version: &apos;10.0&apos;, java.version: &apos;1.8.0_66&apos;
Driver info: driver.version: unknown
	at &lt;anonymous class&gt;.FirefoxDriver.prototype.findElementInternal_(file:///C:/Users/user/AppData/Local/Temp/anonymous3038493221734460221webdriver-profile/extensions/fxdriver@googlecode.com/components/driver-component.js:10659)
	at &lt;anonymous class&gt;.FirefoxDriver.prototype.findElement(file:///C:/Users/user/AppData/Local/Temp/anonymous3038493221734460221webdriver-profile/extensions/fxdriver@googlecode.com/components/driver-component.js:10668)
	at &lt;anonymous class&gt;.DelayedCommand.prototype.executeInternal_/h(file:///C:/Users/user/AppData/Local/Temp/anonymous3038493221734460221webdriver-profile/extensions/fxdriver@googlecode.com/components/command-processor.js:12534)
	at &lt;anonymous class&gt;.DelayedCommand.prototype.executeInternal_(file:///C:/Users/user/AppData/Local/Temp/anonymous3038493221734460221webdriver-profile/extensions/fxdriver@googlecode.com/components/command-processor.js:12539)
	at &lt;anonymous class&gt;.DelayedCommand.prototype.execute/&lt;(file:///C:/Users/user/AppData/Local/Temp/anonymous3038493221734460221webdriver-profile/extensions/fxdriver@googlecode.com/components/command-processor.js:12481)
</pre></div></td>
<td>6</td>
<td>com.maestrohealth.Onboarding.tests_sprint_1.ONB_38_Firefox_Execution@d041cf</td></tr>
</table><p>
<table width='100%' border='1' class='invocation-passed'>
<tr><td colspan='4' align='center'><b>PASSED TESTS</b></td></tr>
<tr><td><b>Test method</b></td>
<td width="30%"><b>Exception</b></td>
<td width="10%"><b>Time (seconds)</b></td>
<td><b>Instance</b></td>
</tr>
<tr>
<td title='com.maestrohealth.Onboarding.tests_sprint_1.ONB_38_Firefox_Execution.TC_ONB_38_001()'><b>TC_ONB_38_001</b><br>Test class: com.maestrohealth.Onboarding.tests_sprint_1.ONB_38_Firefox_Execution<br/>
<a href="#Output-1651162064" onClick='toggleBox("Output-1651162064", this, "Show output", "Hide output");'>Show output</a>

<a href="#Output-1651162064" onClick="toggleAllBoxes();">Show all outputs</a>
<div class='log' id="Output-1651162064">
TC_ONB-38-001 - Username and password are  empty<br/>
Llamada al driver<br/>
validate actual message vs expected:Username is required<br/>
validate actual message vs expected:Password is required<br/>
</div>
</td>
<td></td>
<td>13</td>
<td>com.maestrohealth.Onboarding.tests_sprint_1.ONB_38_Firefox_Execution@d041cf</td></tr>
<tr>
<td title='com.maestrohealth.Onboarding.tests_sprint_1.ONB_38_Chrome_Execution.TC_ONB_38_001()'><b>TC_ONB_38_001</b><br>Test class: com.maestrohealth.Onboarding.tests_sprint_1.ONB_38_Chrome_Execution<br/>
<a href="#Output-1260467793" onClick='toggleBox("Output-1260467793", this, "Show output", "Hide output");'>Show output</a>

<a href="#Output-1260467793" onClick="toggleAllBoxes();">Show all outputs</a>
<div class='log' id="Output-1260467793">
TC_ONB-38-001 - Username and password are  empty<br/>
Llamada al driver<br/>
validate actual message vs expected:Username is required<br/>
validate actual message vs expected:Password is required<br/>
</div>
</td>
<td></td>
<td>17</td>
<td>com.maestrohealth.Onboarding.tests_sprint_1.ONB_38_Chrome_Execution@129a8472</td></tr>
<tr>
<td title='com.maestrohealth.Onboarding.tests_sprint_1.ONB_38_InternetExplorer_Execution.TC_ONB_38_001()'><b>TC_ONB_38_001</b><br>Test class: com.maestrohealth.Onboarding.tests_sprint_1.ONB_38_InternetExplorer_Execution<br/>
<a href="#Output-507911745" onClick='toggleBox("Output-507911745", this, "Show output", "Hide output");'>Show output</a>

<a href="#Output-507911745" onClick="toggleAllBoxes();">Show all outputs</a>
<div class='log' id="Output-507911745">
TC_ONB-38-001 - Username and password are  empty<br/>
Llamada al driver<br/>
validate actual message vs expected:Username is required<br/>
validate actual message vs expected:Password is required<br/>
</div>
</td>
<td></td>
<td>13</td>
<td>com.maestrohealth.Onboarding.tests_sprint_1.ONB_38_InternetExplorer_Execution@7e0babb1</td></tr>
<tr>
<td title='com.maestrohealth.Onboarding.tests_sprint_1.ONB_38_Firefox_Execution.TC_ONB_38_002()'><b>TC_ONB_38_002</b><br>Test class: com.maestrohealth.Onboarding.tests_sprint_1.ONB_38_Firefox_Execution<br/>
<a href="#Output-330551672" onClick='toggleBox("Output-330551672", this, "Show output", "Hide output");'>Show output</a>

<a href="#Output-330551672" onClick="toggleAllBoxes();">Show all outputs</a>
<div class='log' id="Output-330551672">
TC_ONB-38-002 - Username is  empty<br/>
Llamada al driver<br/>
Ingreso  password<br/>
validate actual message vs expected:Username is required<br/>
</div>
</td>
<td></td>
<td>22</td>
<td>com.maestrohealth.Onboarding.tests_sprint_1.ONB_38_Firefox_Execution@d041cf</td></tr>
<tr>
<td title='com.maestrohealth.Onboarding.tests_sprint_1.ONB_38_Chrome_Execution.TC_ONB_38_002()'><b>TC_ONB_38_002</b><br>Test class: com.maestrohealth.Onboarding.tests_sprint_1.ONB_38_Chrome_Execution<br/>
<a href="#Output-1943634922" onClick='toggleBox("Output-1943634922", this, "Show output", "Hide output");'>Show output</a>

<a href="#Output-1943634922" onClick="toggleAllBoxes();">Show all outputs</a>
<div class='log' id="Output-1943634922">
TC_ONB-38-002 - Username is  empty<br/>
Llamada al driver<br/>
Ingreso  password<br/>
validate actual message vs expected:Username is required<br/>
</div>
</td>
<td></td>
<td>24</td>
<td>com.maestrohealth.Onboarding.tests_sprint_1.ONB_38_Chrome_Execution@129a8472</td></tr>
<tr>
<td title='com.maestrohealth.Onboarding.tests_sprint_1.ONB_38_InternetExplorer_Execution.TC_ONB_38_002()'><b>TC_ONB_38_002</b><br>Test class: com.maestrohealth.Onboarding.tests_sprint_1.ONB_38_InternetExplorer_Execution<br/>
<a href="#Output-1072506992" onClick='toggleBox("Output-1072506992", this, "Show output", "Hide output");'>Show output</a>

<a href="#Output-1072506992" onClick="toggleAllBoxes();">Show all outputs</a>
<div class='log' id="Output-1072506992">
TC_ONB-38-002 - Username is  empty<br/>
Llamada al driver<br/>
Ingreso  password<br/>
validate actual message vs expected:Username is required<br/>
</div>
</td>
<td></td>
<td>44</td>
<td>com.maestrohealth.Onboarding.tests_sprint_1.ONB_38_InternetExplorer_Execution@7e0babb1</td></tr>
<tr>
<td title='com.maestrohealth.Onboarding.tests_sprint_1.ONB_38_Chrome_Execution.TC_ONB_38_003()'><b>TC_ONB_38_003</b><br>Test class: com.maestrohealth.Onboarding.tests_sprint_1.ONB_38_Chrome_Execution<br/>
<a href="#Output-1209770703" onClick='toggleBox("Output-1209770703", this, "Show output", "Hide output");'>Show output</a>

<a href="#Output-1209770703" onClick="toggleAllBoxes();">Show all outputs</a>
<div class='log' id="Output-1209770703">
TC_ONB-38-003 - Password is empty<br/>
Llamada al driver<br/>
Ingreso  Username<br/>
validate actual message vs expected:Password is required<br/>
</div>
</td>
<td></td>
<td>24</td>
<td>com.maestrohealth.Onboarding.tests_sprint_1.ONB_38_Chrome_Execution@129a8472</td></tr>
<tr>
<td title='com.maestrohealth.Onboarding.tests_sprint_1.ONB_38_InternetExplorer_Execution.TC_ONB_38_003()'><b>TC_ONB_38_003</b><br>Test class: com.maestrohealth.Onboarding.tests_sprint_1.ONB_38_InternetExplorer_Execution<br/>
<a href="#Output-2131597042" onClick='toggleBox("Output-2131597042", this, "Show output", "Hide output");'>Show output</a>

<a href="#Output-2131597042" onClick="toggleAllBoxes();">Show all outputs</a>
<div class='log' id="Output-2131597042">
TC_ONB-38-003 - Password is empty<br/>
Llamada al driver<br/>
Ingreso  Username<br/>
validate actual message vs expected:Password is required<br/>
</div>
</td>
<td></td>
<td>38</td>
<td>com.maestrohealth.Onboarding.tests_sprint_1.ONB_38_InternetExplorer_Execution@7e0babb1</td></tr>
<tr>
<td title='com.maestrohealth.Onboarding.tests_sprint_1.ONB_38_Firefox_Execution.TC_ONB_38_004()'><b>TC_ONB_38_004</b><br>Test class: com.maestrohealth.Onboarding.tests_sprint_1.ONB_38_Firefox_Execution<br/>
<a href="#Output-1176968662" onClick='toggleBox("Output-1176968662", this, "Show output", "Hide output");'>Show output</a>

<a href="#Output-1176968662" onClick="toggleAllBoxes();">Show all outputs</a>
<div class='log' id="Output-1176968662">
TC_ONB-38-004 - Username and Password  are not valid<br/>
Llamada al driver<br/>
Ingreso del user y password<br/>
validate actual message vs expected:We were not able to recognize your username/password.<br/>
</div>
</td>
<td></td>
<td>18</td>
<td>com.maestrohealth.Onboarding.tests_sprint_1.ONB_38_Firefox_Execution@d041cf</td></tr>
<tr>
<td title='com.maestrohealth.Onboarding.tests_sprint_1.ONB_38_Chrome_Execution.TC_ONB_38_004()'><b>TC_ONB_38_004</b><br>Test class: com.maestrohealth.Onboarding.tests_sprint_1.ONB_38_Chrome_Execution<br/>
<a href="#Output-1414549197" onClick='toggleBox("Output-1414549197", this, "Show output", "Hide output");'>Show output</a>

<a href="#Output-1414549197" onClick="toggleAllBoxes();">Show all outputs</a>
<div class='log' id="Output-1414549197">
TC_ONB-38-004 - Username and Password  are not valid<br/>
Llamada al driver<br/>
Ingreso del user y password<br/>
validate actual message vs expected:We were not able to recognize your username/password.<br/>
</div>
</td>
<td></td>
<td>24</td>
<td>com.maestrohealth.Onboarding.tests_sprint_1.ONB_38_Chrome_Execution@129a8472</td></tr>
<tr>
<td title='com.maestrohealth.Onboarding.tests_sprint_1.ONB_38_InternetExplorer_Execution.TC_ONB_38_004()'><b>TC_ONB_38_004</b><br>Test class: com.maestrohealth.Onboarding.tests_sprint_1.ONB_38_InternetExplorer_Execution<br/>
<a href="#Output-1234586997" onClick='toggleBox("Output-1234586997", this, "Show output", "Hide output");'>Show output</a>

<a href="#Output-1234586997" onClick="toggleAllBoxes();">Show all outputs</a>
<div class='log' id="Output-1234586997">
TC_ONB-38-004 - Username and Password  are not valid<br/>
Llamada al driver<br/>
Ingreso del user y password<br/>
validate actual message vs expected:We were not able to recognize your username/password.<br/>
</div>
</td>
<td></td>
<td>58</td>
<td>com.maestrohealth.Onboarding.tests_sprint_1.ONB_38_InternetExplorer_Execution@7e0babb1</td></tr>
<tr>
<td title='com.maestrohealth.Onboarding.tests_sprint_1.ONB_38_Firefox_Execution.TC_ONB_38_005()'><b>TC_ONB_38_005</b><br>Test class: com.maestrohealth.Onboarding.tests_sprint_1.ONB_38_Firefox_Execution<br/>
<a href="#Output-2024415090" onClick='toggleBox("Output-2024415090", this, "Show output", "Hide output");'>Show output</a>

<a href="#Output-2024415090" onClick="toggleAllBoxes();">Show all outputs</a>
<div class='log' id="Output-2024415090">
TC_ONB-38-005 - Username valid -Password  not valid<br/>
Llamada al driver<br/>
Ingreso del user y password<br/>
validate actual message vs expected:We were not able to recognize your username/password.<br/>
</div>
</td>
<td></td>
<td>18</td>
<td>com.maestrohealth.Onboarding.tests_sprint_1.ONB_38_Firefox_Execution@d041cf</td></tr>
<tr>
<td title='com.maestrohealth.Onboarding.tests_sprint_1.ONB_38_Chrome_Execution.TC_ONB_38_005()'><b>TC_ONB_38_005</b><br>Test class: com.maestrohealth.Onboarding.tests_sprint_1.ONB_38_Chrome_Execution<br/>
<a href="#Output-664186542" onClick='toggleBox("Output-664186542", this, "Show output", "Hide output");'>Show output</a>

<a href="#Output-664186542" onClick="toggleAllBoxes();">Show all outputs</a>
<div class='log' id="Output-664186542">
TC_ONB-38-005 - Username valid -Password  not valid<br/>
Llamada al driver<br/>
Ingreso del user y password<br/>
validate actual message vs expected:We were not able to recognize your username/password.<br/>
</div>
</td>
<td></td>
<td>40</td>
<td>com.maestrohealth.Onboarding.tests_sprint_1.ONB_38_Chrome_Execution@129a8472</td></tr>
<tr>
<td title='com.maestrohealth.Onboarding.tests_sprint_1.ONB_38_InternetExplorer_Execution.TC_ONB_38_005()'><b>TC_ONB_38_005</b><br>Test class: com.maestrohealth.Onboarding.tests_sprint_1.ONB_38_InternetExplorer_Execution<br/>
<a href="#Output-369671357" onClick='toggleBox("Output-369671357", this, "Show output", "Hide output");'>Show output</a>

<a href="#Output-369671357" onClick="toggleAllBoxes();">Show all outputs</a>
<div class='log' id="Output-369671357">
TC_ONB-38-005 - Username valid -Password  not valid<br/>
Llamada al driver<br/>
Ingreso del user y password<br/>
validate actual message vs expected:We were not able to recognize your username/password.<br/>
</div>
</td>
<td></td>
<td>58</td>
<td>com.maestrohealth.Onboarding.tests_sprint_1.ONB_38_InternetExplorer_Execution@7e0babb1</td></tr>
<tr>
<td title='com.maestrohealth.Onboarding.tests_sprint_1.ONB_38_Firefox_Execution.TC_ONB_38_006()'><b>TC_ONB_38_006</b><br>Test class: com.maestrohealth.Onboarding.tests_sprint_1.ONB_38_Firefox_Execution<br/>
<a href="#Output-1076984738" onClick='toggleBox("Output-1076984738", this, "Show output", "Hide output");'>Show output</a>

<a href="#Output-1076984738" onClick="toggleAllBoxes();">Show all outputs</a>
<div class='log' id="Output-1076984738">
TC_ONB-38-006 - Username not valid -Password  valid<br/>
Llamada al driver<br/>
Ingreso del user y password<br/>
validate actual message vs expected:We were not able to recognize your username/password.<br/>
</div>
</td>
<td></td>
<td>18</td>
<td>com.maestrohealth.Onboarding.tests_sprint_1.ONB_38_Firefox_Execution@d041cf</td></tr>
<tr>
<td title='com.maestrohealth.Onboarding.tests_sprint_1.ONB_38_Chrome_Execution.TC_ONB_38_006()'><b>TC_ONB_38_006</b><br>Test class: com.maestrohealth.Onboarding.tests_sprint_1.ONB_38_Chrome_Execution<br/>
<a href="#Output-1545827753" onClick='toggleBox("Output-1545827753", this, "Show output", "Hide output");'>Show output</a>

<a href="#Output-1545827753" onClick="toggleAllBoxes();">Show all outputs</a>
<div class='log' id="Output-1545827753">
TC_ONB-38-006 - Username not valid -Password  valid<br/>
Llamada al driver<br/>
Ingreso del user y password<br/>
validate actual message vs expected:We were not able to recognize your username/password.<br/>
</div>
</td>
<td></td>
<td>23</td>
<td>com.maestrohealth.Onboarding.tests_sprint_1.ONB_38_Chrome_Execution@129a8472</td></tr>
<tr>
<td title='com.maestrohealth.Onboarding.tests_sprint_1.ONB_38_InternetExplorer_Execution.TC_ONB_38_006()'><b>TC_ONB_38_006</b><br>Test class: com.maestrohealth.Onboarding.tests_sprint_1.ONB_38_InternetExplorer_Execution<br/>
<a href="#Output-41765385" onClick='toggleBox("Output-41765385", this, "Show output", "Hide output");'>Show output</a>

<a href="#Output-41765385" onClick="toggleAllBoxes();">Show all outputs</a>
<div class='log' id="Output-41765385">
TC_ONB-38-006 - Username not valid -Password  valid<br/>
Llamada al driver<br/>
Ingreso del user y password<br/>
validate actual message vs expected:We were not able to recognize your username/password.<br/>
</div>
</td>
<td></td>
<td>74</td>
<td>com.maestrohealth.Onboarding.tests_sprint_1.ONB_38_InternetExplorer_Execution@7e0babb1</td></tr>
<tr>
<td title='com.maestrohealth.Onboarding.tests_sprint_1.ONB_38_Firefox_Execution.TC_ONB_38_007()'><b>TC_ONB_38_007</b><br>Test class: com.maestrohealth.Onboarding.tests_sprint_1.ONB_38_Firefox_Execution<br/>
<a href="#Output-53940034" onClick='toggleBox("Output-53940034", this, "Show output", "Hide output");'>Show output</a>

<a href="#Output-53940034" onClick="toggleAllBoxes();">Show all outputs</a>
<div class='log' id="Output-53940034">
TC_ONB-38-007 - Username valid -Password  valid<br/>
Llamada al driver<br/>
Ingreso del user y password<br/>
validate that username and role is shown<br/>
</div>
</td>
<td></td>
<td>23</td>
<td>com.maestrohealth.Onboarding.tests_sprint_1.ONB_38_Firefox_Execution@d041cf</td></tr>
<tr>
<td title='com.maestrohealth.Onboarding.tests_sprint_1.ONB_38_Chrome_Execution.TC_ONB_38_007()'><b>TC_ONB_38_007</b><br>Test class: com.maestrohealth.Onboarding.tests_sprint_1.ONB_38_Chrome_Execution<br/>
<a href="#Output-2130357594" onClick='toggleBox("Output-2130357594", this, "Show output", "Hide output");'>Show output</a>

<a href="#Output-2130357594" onClick="toggleAllBoxes();">Show all outputs</a>
<div class='log' id="Output-2130357594">
TC_ONB-38-007 - Username valid -Password  valid<br/>
Llamada al driver<br/>
Ingreso del user y password<br/>
validate that username and role is shown<br/>
</div>
</td>
<td></td>
<td>25</td>
<td>com.maestrohealth.Onboarding.tests_sprint_1.ONB_38_Chrome_Execution@129a8472</td></tr>
<tr>
<td title='com.maestrohealth.Onboarding.tests_sprint_1.ONB_38_InternetExplorer_Execution.TC_ONB_38_007()'><b>TC_ONB_38_007</b><br>Test class: com.maestrohealth.Onboarding.tests_sprint_1.ONB_38_InternetExplorer_Execution<br/>
<a href="#Output-421637524" onClick='toggleBox("Output-421637524", this, "Show output", "Hide output");'>Show output</a>

<a href="#Output-421637524" onClick="toggleAllBoxes();">Show all outputs</a>
<div class='log' id="Output-421637524">
TC_ONB-38-007 - Username valid -Password  valid<br/>
Llamada al driver<br/>
Ingreso del user y password<br/>
validate that username and role is shown<br/>
</div>
</td>
<td></td>
<td>65</td>
<td>com.maestrohealth.Onboarding.tests_sprint_1.ONB_38_InternetExplorer_Execution@7e0babb1</td></tr>
</table><p>
</body>
</html>